{"meta": {"format": 3, "version": "7.10.6", "timestamp": "2025-11-20T22:25:02.421560", "branch_coverage": false, "show_contexts": false}, "files": {"app/__init__.py": {"executed_lines": [1], "summary": {"covered_lines": 0, "num_statements": 0, "percent_covered": 100.0, "percent_covered_display": "100", "missing_lines": 0, "excluded_lines": 0}, "missing_lines": [], "excluded_lines": [], "functions": {"": {"executed_lines": [1], "summary": {"covered_lines": 0, "num_statements": 0, "percent_covered": 100.0, "percent_covered_display": "100", "missing_lines": 0, "excluded_lines": 0}, "missing_lines": [], "excluded_lines": []}}, "classes": {"": {"executed_lines": [1], "summary": {"covered_lines": 0, "num_statements": 0, "percent_covered": 100.0, "percent_covered_display": "100", "missing_lines": 0, "excluded_lines": 0}, "missing_lines": [], "excluded_lines": []}}}, "app/bot/__init__.py": {"executed_lines": [1, 3, 4, 6], "summary": {"covered_lines": 3, "num_statements": 3, "percent_covered": 100.0, "percent_covered_display": "100", "missing_lines": 0, "excluded_lines": 0}, "missing_lines": [], "excluded_lines": [], "functions": {"": {"executed_lines": [1, 3, 4, 6], "summary": {"covered_lines": 3, "num_statements": 3, "percent_covered": 100.0, "percent_covered_display": "100", "missing_lines": 0, "excluded_lines": 0}, "missing_lines": [], "excluded_lines": []}}, "classes": {"": {"executed_lines": [1, 3, 4, 6], "summary": {"covered_lines": 3, "num_statements": 3, "percent_covered": 100.0, "percent_covered_display": "100", "missing_lines": 0, "excluded_lines": 0}, "missing_lines": [], "excluded_lines": []}}}, "app/bot/callbacks.py": {"executed_lines": [1, 3, 6, 7, 9, 12, 13, 15, 16, 19, 20, 22, 25, 26, 28, 29, 32, 33, 35, 38, 39, 41, 42, 45, 46, 48, 49, 52, 53, 55, 56, 59, 60, 62, 63, 66, 67, 69, 70, 71, 74, 75, 77, 78, 79, 82, 83, 85, 86, 87, 90, 91, 93, 94, 97, 98, 100, 101], "summary": {"covered_lines": 43, "num_statements": 43, "percent_covered": 100.0, "percent_covered_display": "100", "missing_lines": 0, "excluded_lines": 0}, "missing_lines": [], "excluded_lines": [], "functions": {"": {"executed_lines": [1, 3, 6, 7, 9, 12, 13, 15, 16, 19, 20, 22, 25, 26, 28, 29, 32, 33, 35, 38, 39, 41, 42, 45, 46, 48, 49, 52, 53, 55, 56, 59, 60, 62, 63, 66, 67, 69, 70, 71, 74, 75, 77, 78, 79, 82, 83, 85, 86, 87, 90, 91, 93, 94, 97, 98, 100, 101], "summary": {"covered_lines": 43, "num_statements": 43, "percent_covered": 100.0, "percent_covered_display": "100", "missing_lines": 0, "excluded_lines": 0}, "missing_lines": [], "excluded_lines": []}}, "classes": {"FilterCallback": {"executed_lines": [], "summary": {"covered_lines": 0, "num_statements": 0, "percent_covered": 100.0, "percent_covered_display": "100", "missing_lines": 0, "excluded_lines": 0}, "missing_lines": [], "excluded_lines": []}, "OptionCallback": {"executed_lines": [], "summary": {"covered_lines": 0, "num_statements": 0, "percent_covered": 100.0, "percent_covered_display": "100", "missing_lines": 0, "excluded_lines": 0}, "missing_lines": [], "excluded_lines": []}, "ResultCallback": {"executed_lines": [], "summary": {"covered_lines": 0, "num_statements": 0, "percent_covered": 100.0, "percent_covered_display": "100", "missing_lines": 0, "excluded_lines": 0}, "missing_lines": [], "excluded_lines": []}, "FormatCallback": {"executed_lines": [], "summary": {"covered_lines": 0, "num_statements": 0, "percent_covered": 100.0, "percent_covered_display": "100", "missing_lines": 0, "excluded_lines": 0}, "missing_lines": [], "excluded_lines": []}, "MenuCallback": {"executed_lines": [], "summary": {"covered_lines": 0, "num_statements": 0, "percent_covered": 100.0, "percent_covered_display": "100", "missing_lines": 0, "excluded_lines": 0}, "missing_lines": [], "excluded_lines": []}, "ProfileCallback": {"executed_lines": [], "summary": {"covered_lines": 0, "num_statements": 0, "percent_covered": 100.0, "percent_covered_display": "100", "missing_lines": 0, "excluded_lines": 0}, "missing_lines": [], "excluded_lines": []}, "DiaryCallback": {"executed_lines": [], "summary": {"covered_lines": 0, "num_statements": 0, "percent_covered": 100.0, "percent_covered_display": "100", "missing_lines": 0, "excluded_lines": 0}, "missing_lines": [], "excluded_lines": []}, "ApplicationCallback": {"executed_lines": [], "summary": {"covered_lines": 0, "num_statements": 0, "percent_covered": 100.0, "percent_covered_display": "100", "missing_lines": 0, "excluded_lines": 0}, "missing_lines": [], "excluded_lines": []}, "AttestationCallback": {"executed_lines": [], "summary": {"covered_lines": 0, "num_statements": 0, "percent_covered": 100.0, "percent_covered_display": "100", "missing_lines": 0, "excluded_lines": 0}, "missing_lines": [], "excluded_lines": []}, "GradeCallback": {"executed_lines": [], "summary": {"covered_lines": 0, "num_statements": 0, "percent_covered": 100.0, "percent_covered_display": "100", "missing_lines": 0, "excluded_lines": 0}, "missing_lines": [], "excluded_lines": []}, "GroupSearchCallback": {"executed_lines": [], "summary": {"covered_lines": 0, "num_statements": 0, "percent_covered": 100.0, "percent_covered_display": "100", "missing_lines": 0, "excluded_lines": 0}, "missing_lines": [], "excluded_lines": []}, "GroupSelectionCallback": {"executed_lines": [], "summary": {"covered_lines": 0, "num_statements": 0, "percent_covered": 100.0, "percent_covered_display": "100", "missing_lines": 0, "excluded_lines": 0}, "missing_lines": [], "excluded_lines": []}, "GroupConfirmationCallback": {"executed_lines": [], "summary": {"covered_lines": 0, "num_statements": 0, "percent_covered": 100.0, "percent_covered_display": "100", "missing_lines": 0, "excluded_lines": 0}, "missing_lines": [], "excluded_lines": []}, "InvitationCallback": {"executed_lines": [], "summary": {"covered_lines": 0, "num_statements": 0, "percent_covered": 100.0, "percent_covered_display": "100", "missing_lines": 0, "excluded_lines": 0}, "missing_lines": [], "excluded_lines": []}, "": {"executed_lines": [1, 3, 6, 7, 9, 12, 13, 15, 16, 19, 20, 22, 25, 26, 28, 29, 32, 33, 35, 38, 39, 41, 42, 45, 46, 48, 49, 52, 53, 55, 56, 59, 60, 62, 63, 66, 67, 69, 70, 71, 74, 75, 77, 78, 79, 82, 83, 85, 86, 87, 90, 91, 93, 94, 97, 98, 100, 101], "summary": {"covered_lines": 43, "num_statements": 43, "percent_covered": 100.0, "percent_covered_display": "100", "missing_lines": 0, "excluded_lines": 0}, "missing_lines": [], "excluded_lines": []}}}, "app/bot/handlers/__init__.py": {"executed_lines": [1, 3, 5, 6, 7, 8, 9, 10, 11, 12, 13, 16], "summary": {"covered_lines": 11, "num_statements": 20, "percent_covered": 55.0, "percent_covered_display": "55", "missing_lines": 9, "excluded_lines": 0}, "missing_lines": [18, 19, 20, 21, 22, 23, 24, 25, 26], "excluded_lines": [], "functions": {"register_handlers": {"executed_lines": [], "summary": {"covered_lines": 0, "num_statements": 9, "percent_covered": 0.0, "percent_covered_display": "0", "missing_lines": 9, "excluded_lines": 0}, "missing_lines": [18, 19, 20, 21, 22, 23, 24, 25, 26], "excluded_lines": []}, "": {"executed_lines": [1, 3, 5, 6, 7, 8, 9, 10, 11, 12, 13, 16], "summary": {"covered_lines": 11, "num_statements": 11, "percent_covered": 100.0, "percent_covered_display": "100", "missing_lines": 0, "excluded_lines": 0}, "missing_lines": [], "excluded_lines": []}}, "classes": {"": {"executed_lines": [1, 3, 5, 6, 7, 8, 9, 10, 11, 12, 13, 16], "summary": {"covered_lines": 11, "num_statements": 20, "percent_covered": 55.0, "percent_covered_display": "55", "missing_lines": 9, "excluded_lines": 0}, "missing_lines": [18, 19, 20, 21, 22, 23, 24, 25, 26], "excluded_lines": []}}}, "app/bot/handlers/error_handler.py": {"executed_lines": [1, 3, 4, 5, 6, 8, 9, 10, 11, 14, 16, 17, 20, 21, 23, 24, 25, 31, 35, 38, 40, 41, 42, 44, 45, 46, 49, 50, 53, 62, 65, 68, 71, 73, 86, 87, 90, 91, 92, 99, 100, 103, 118, 134, 146], "summary": {"covered_lines": 44, "num_statements": 62, "percent_covered": 70.96774193548387, "percent_covered_display": "71", "missing_lines": 18, "excluded_lines": 0}, "missing_lines": [26, 27, 28, 36, 47, 48, 54, 66, 82, 83, 84, 105, 107, 120, 122, 136, 138, 148], "excluded_lines": [], "functions": {"global_error_handler": {"executed_lines": [16, 17, 20, 21, 23, 24, 25, 31, 35, 38, 40, 41, 42, 44, 45, 46, 49, 50, 53, 62, 65, 68, 71, 73, 86, 87, 90, 91, 92, 99, 100], "summary": {"covered_lines": 31, "num_statements": 42, "percent_covered": 73.80952380952381, "percent_covered_display": "74", "missing_lines": 11, "excluded_lines": 0}, "missing_lines": [26, 27, 28, 36, 47, 48, 54, 66, 82, 83, 84], "excluded_lines": []}, "handle_timeout_error": {"executed_lines": [], "summary": {"covered_lines": 0, "num_statements": 2, "percent_covered": 0.0, "percent_covered_display": "0", "missing_lines": 2, "excluded_lines": 0}, "missing_lines": [105, 107], "excluded_lines": []}, "handle_api_error": {"executed_lines": [], "summary": {"covered_lines": 0, "num_statements": 2, "percent_covered": 0.0, "percent_covered_display": "0", "missing_lines": 2, "excluded_lines": 0}, "missing_lines": [120, 122], "excluded_lines": []}, "handle_database_error": {"executed_lines": [], "summary": {"covered_lines": 0, "num_statements": 2, "percent_covered": 0.0, "percent_covered_display": "0", "missing_lines": 2, "excluded_lines": 0}, "missing_lines": [136, 138], "excluded_lines": []}, "register_error_handler": {"executed_lines": [], "summary": {"covered_lines": 0, "num_statements": 1, "percent_covered": 0.0, "percent_covered_display": "0", "missing_lines": 1, "excluded_lines": 0}, "missing_lines": [148], "excluded_lines": []}, "": {"executed_lines": [1, 3, 4, 5, 6, 8, 9, 10, 11, 14, 103, 118, 134, 146], "summary": {"covered_lines": 13, "num_statements": 13, "percent_covered": 100.0, "percent_covered_display": "100", "missing_lines": 0, "excluded_lines": 0}, "missing_lines": [], "excluded_lines": []}}, "classes": {"": {"executed_lines": [1, 3, 4, 5, 6, 8, 9, 10, 11, 14, 16, 17, 20, 21, 23, 24, 25, 31, 35, 38, 40, 41, 42, 44, 45, 46, 49, 50, 53, 62, 65, 68, 71, 73, 86, 87, 90, 91, 92, 99, 100, 103, 118, 134, 146], "summary": {"covered_lines": 44, "num_statements": 62, "percent_covered": 70.96774193548387, "percent_covered_display": "71", "missing_lines": 18, "excluded_lines": 0}, "missing_lines": [26, 27, 28, 36, 47, 48, 54, 66, 82, 83, 84, 105, 107, 120, 122, 136, 138, 148], "excluded_lines": []}}}, "app/bot/handlers/grade_handler.py": {"executed_lines": [4, 6, 8, 9, 10, 12, 13, 18, 19, 20, 23, 81, 123, 202, 268, 334, 385, 444, 520], "summary": {"covered_lines": 18, "num_statements": 162, "percent_covered": 11.11111111111111, "percent_covered_display": "11", "missing_lines": 144, "excluded_lines": 0}, "missing_lines": [27, 28, 30, 31, 32, 34, 35, 39, 41, 44, 47, 49, 50, 51, 53, 54, 55, 56, 57, 58, 59, 60, 62, 63, 67, 68, 73, 74, 75, 85, 86, 87, 89, 90, 93, 95, 96, 97, 98, 99, 100, 101, 102, 103, 104, 105, 107, 108, 110, 115, 116, 117, 127, 128, 130, 131, 132, 134, 135, 137, 192, 194, 195, 196, 206, 207, 208, 210, 211, 212, 214, 215, 217, 258, 260, 261, 262, 272, 273, 274, 275, 277, 278, 279, 281, 284, 293, 294, 319, 324, 326, 327, 328, 338, 339, 341, 342, 343, 345, 346, 348, 375, 377, 378, 379, 389, 390, 391, 393, 394, 396, 397, 399, 434, 436, 437, 438, 448, 449, 450, 451, 453, 454, 455, 457, 460, 461, 464, 473, 474, 480, 505, 510, 512, 513, 514, 523, 524, 525, 526, 527, 528, 529, 530], "excluded_lines": [], "functions": {"handle_grades_main": {"executed_lines": [], "summary": {"covered_lines": 0, "num_statements": 29, "percent_covered": 0.0, "percent_covered_display": "0", "missing_lines": 29, "excluded_lines": 0}, "missing_lines": [27, 28, 30, 31, 32, 34, 35, 39, 41, 44, 47, 49, 50, 51, 53, 54, 55, 56, 57, 58, 59, 60, 62, 63, 67, 68, 73, 74, 75], "excluded_lines": []}, "handle_subject_selection": {"executed_lines": [], "summary": {"covered_lines": 0, "num_statements": 23, "percent_covered": 0.0, "percent_covered_display": "0", "missing_lines": 23, "excluded_lines": 0}, "missing_lines": [85, 86, 87, 89, 90, 93, 95, 96, 97, 98, 99, 100, 101, 102, 103, 104, 105, 107, 108, 110, 115, 116, 117], "excluded_lines": []}, "handle_add_grade": {"executed_lines": [], "summary": {"covered_lines": 0, "num_statements": 12, "percent_covered": 0.0, "percent_covered_display": "0", "missing_lines": 12, "excluded_lines": 0}, "missing_lines": [127, 128, 130, 131, 132, 134, 135, 137, 192, 194, 195, 196], "excluded_lines": []}, "handle_grade_type_selection": {"executed_lines": [], "summary": {"covered_lines": 0, "num_statements": 13, "percent_covered": 0.0, "percent_covered_display": "0", "missing_lines": 13, "excluded_lines": 0}, "missing_lines": [206, 207, 208, 210, 211, 212, 214, 215, 217, 258, 260, 261, 262], "excluded_lines": []}, "handle_grade_value_selection": {"executed_lines": [], "summary": {"covered_lines": 0, "num_statements": 16, "percent_covered": 0.0, "percent_covered_display": "0", "missing_lines": 16, "excluded_lines": 0}, "missing_lines": [272, 273, 274, 275, 277, 278, 279, 281, 284, 293, 294, 319, 324, 326, 327, 328], "excluded_lines": []}, "handle_add_attendance": {"executed_lines": [], "summary": {"covered_lines": 0, "num_statements": 12, "percent_covered": 0.0, "percent_covered_display": "0", "missing_lines": 12, "excluded_lines": 0}, "missing_lines": [338, 339, 341, 342, 343, 345, 346, 348, 375, 377, 378, 379], "excluded_lines": []}, "handle_attendance_type_selection": {"executed_lines": [], "summary": {"covered_lines": 0, "num_statements": 12, "percent_covered": 0.0, "percent_covered_display": "0", "missing_lines": 12, "excluded_lines": 0}, "missing_lines": [389, 390, 391, 393, 394, 396, 397, 399, 434, 436, 437, 438], "excluded_lines": []}, "handle_attendance_status_selection": {"executed_lines": [], "summary": {"covered_lines": 0, "num_statements": 19, "percent_covered": 0.0, "percent_covered_display": "0", "missing_lines": 19, "excluded_lines": 0}, "missing_lines": [448, 449, 450, 451, 453, 454, 455, 457, 460, 461, 464, 473, 474, 480, 505, 510, 512, 513, 514], "excluded_lines": []}, "register_grade_handlers": {"executed_lines": [], "summary": {"covered_lines": 0, "num_statements": 8, "percent_covered": 0.0, "percent_covered_display": "0", "missing_lines": 8, "excluded_lines": 0}, "missing_lines": [523, 524, 525, 526, 527, 528, 529, 530], "excluded_lines": []}, "": {"executed_lines": [4, 6, 8, 9, 10, 12, 13, 18, 19, 20, 23, 81, 123, 202, 268, 334, 385, 444, 520], "summary": {"covered_lines": 18, "num_statements": 18, "percent_covered": 100.0, "percent_covered_display": "100", "missing_lines": 0, "excluded_lines": 0}, "missing_lines": [], "excluded_lines": []}}, "classes": {"": {"executed_lines": [4, 6, 8, 9, 10, 12, 13, 18, 19, 20, 23, 81, 123, 202, 268, 334, 385, 444, 520], "summary": {"covered_lines": 18, "num_statements": 162, "percent_covered": 11.11111111111111, "percent_covered_display": "11", "missing_lines": 144, "excluded_lines": 0}, "missing_lines": [27, 28, 30, 31, 32, 34, 35, 39, 41, 44, 47, 49, 50, 51, 53, 54, 55, 56, 57, 58, 59, 60, 62, 63, 67, 68, 73, 74, 75, 85, 86, 87, 89, 90, 93, 95, 96, 97, 98, 99, 100, 101, 102, 103, 104, 105, 107, 108, 110, 115, 116, 117, 127, 128, 130, 131, 132, 134, 135, 137, 192, 194, 195, 196, 206, 207, 208, 210, 211, 212, 214, 215, 217, 258, 260, 261, 262, 272, 273, 274, 275, 277, 278, 279, 281, 284, 293, 294, 319, 324, 326, 327, 328, 338, 339, 341, 342, 343, 345, 346, 348, 375, 377, 378, 379, 389, 390, 391, 393, 394, 396, 397, 399, 434, 436, 437, 438, 448, 449, 450, 451, 453, 454, 455, 457, 460, 461, 464, 473, 474, 480, 505, 510, 512, 513, 514, 523, 524, 525, 526, 527, 528, 529, 530], "excluded_lines": []}}}, "app/bot/handlers/group_search_handler.py": {"executed_lines": [], "summary": {"covered_lines": 0, "num_statements": 153, "percent_covered": 0.0, "percent_covered_display": "0", "missing_lines": 153, "excluded_lines": 0}, "missing_lines": [3, 4, 6, 7, 8, 9, 11, 12, 17, 18, 23, 24, 25, 26, 29, 36, 38, 41, 42, 43, 45, 46, 48, 49, 51, 52, 53, 54, 55, 56, 58, 66, 67, 74, 75, 78, 79, 81, 82, 86, 88, 90, 91, 94, 97, 99, 100, 101, 102, 104, 107, 108, 109, 110, 114, 117, 118, 119, 123, 126, 128, 130, 133, 136, 141, 142, 143, 145, 146, 147, 155, 156, 158, 159, 160, 161, 163, 164, 176, 177, 180, 181, 186, 187, 190, 192, 193, 194, 195, 196, 197, 198, 199, 201, 202, 203, 204, 205, 206, 208, 209, 212, 213, 214, 218, 221, 225, 226, 228, 231, 232, 235, 236, 237, 238, 241, 242, 243, 244, 245, 246, 248, 250, 255, 256, 260, 261, 267, 268, 269, 276, 280, 283, 284, 285, 288, 291, 294, 295, 296, 299, 300, 301, 303, 304, 306, 316, 317, 320, 321, 326, 328, 330], "excluded_lines": [], "functions": {"handle_group_search": {"executed_lines": [], "summary": {"covered_lines": 0, "num_statements": 28, "percent_covered": 0.0, "percent_covered_display": "0", "missing_lines": 28, "excluded_lines": 0}, "missing_lines": [36, 38, 41, 42, 43, 45, 46, 48, 49, 51, 52, 53, 54, 55, 56, 58, 66, 67, 74, 75, 78, 79, 81, 82, 86, 88, 90, 91], "excluded_lines": []}, "process_group_number": {"executed_lines": [], "summary": {"covered_lines": 0, "num_statements": 61, "percent_covered": 0.0, "percent_covered_display": "0", "missing_lines": 61, "excluded_lines": 0}, "missing_lines": [97, 99, 100, 101, 102, 104, 107, 108, 109, 110, 114, 117, 118, 119, 123, 126, 128, 130, 133, 136, 141, 142, 143, 145, 146, 147, 155, 156, 158, 159, 160, 161, 163, 164, 176, 177, 180, 181, 186, 187, 190, 192, 193, 194, 195, 196, 197, 198, 199, 201, 202, 203, 204, 205, 206, 208, 209, 212, 213, 214, 218], "excluded_lines": []}, "show_group_schedule_safe": {"executed_lines": [], "summary": {"covered_lines": 0, "num_statements": 44, "percent_covered": 0.0, "percent_covered_display": "0", "missing_lines": 44, "excluded_lines": 0}, "missing_lines": [225, 226, 228, 231, 232, 235, 236, 237, 238, 241, 242, 243, 244, 245, 246, 248, 250, 255, 256, 260, 261, 267, 268, 269, 276, 280, 283, 284, 285, 288, 291, 294, 295, 296, 299, 300, 301, 303, 304, 306, 316, 317, 320, 321], "excluded_lines": []}, "register_group_search_handlers": {"executed_lines": [], "summary": {"covered_lines": 0, "num_statements": 2, "percent_covered": 0.0, "percent_covered_display": "0", "missing_lines": 2, "excluded_lines": 0}, "missing_lines": [328, 330], "excluded_lines": []}, "": {"executed_lines": [], "summary": {"covered_lines": 0, "num_statements": 18, "percent_covered": 0.0, "percent_covered_display": "0", "missing_lines": 18, "excluded_lines": 0}, "missing_lines": [3, 4, 6, 7, 8, 9, 11, 12, 17, 18, 23, 24, 25, 26, 29, 94, 221, 326], "excluded_lines": []}}, "classes": {"": {"executed_lines": [], "summary": {"covered_lines": 0, "num_statements": 153, "percent_covered": 0.0, "percent_covered_display": "0", "missing_lines": 153, "excluded_lines": 0}, "missing_lines": [3, 4, 6, 7, 8, 9, 11, 12, 17, 18, 23, 24, 25, 26, 29, 36, 38, 41, 42, 43, 45, 46, 48, 49, 51, 52, 53, 54, 55, 56, 58, 66, 67, 74, 75, 78, 79, 81, 82, 86, 88, 90, 91, 94, 97, 99, 100, 101, 102, 104, 107, 108, 109, 110, 114, 117, 118, 119, 123, 126, 128, 130, 133, 136, 141, 142, 143, 145, 146, 147, 155, 156, 158, 159, 160, 161, 163, 164, 176, 177, 180, 181, 186, 187, 190, 192, 193, 194, 195, 196, 197, 198, 199, 201, 202, 203, 204, 205, 206, 208, 209, 212, 213, 214, 218, 221, 225, 226, 228, 231, 232, 235, 236, 237, 238, 241, 242, 243, 244, 245, 246, 248, 250, 255, 256, 260, 261, 267, 268, 269, 276, 280, 283, 284, 285, 288, 291, 294, 295, 296, 299, 300, 301, 303, 304, 306, 316, 317, 320, 321, 326, 328, 330], "excluded_lines": []}}}, "app/bot/handlers/group_selection_handler.py": {"executed_lines": [1, 6, 7, 8, 9, 11, 12, 17, 18, 19, 20, 23, 49, 103, 163, 230, 288, 349], "summary": {"covered_lines": 17, "num_statements": 145, "percent_covered": 11.724137931034482, "percent_covered_display": "12", "missing_lines": 128, "excluded_lines": 0}, "missing_lines": [26, 27, 28, 29, 30, 31, 33, 36, 39, 41, 53, 54, 55, 57, 58, 59, 61, 72, 73, 74, 76, 77, 78, 79, 83, 88, 89, 90, 91, 95, 96, 97, 105, 108, 109, 110, 114, 116, 118, 121, 122, 126, 128, 131, 134, 136, 146, 147, 148, 149, 154, 155, 156, 167, 168, 169, 171, 173, 174, 175, 176, 177, 178, 180, 181, 183, 184, 185, 187, 188, 190, 191, 193, 195, 197, 200, 201, 202, 203, 206, 207, 208, 213, 216, 222, 223, 224, 237, 238, 239, 240, 241, 242, 244, 259, 262, 263, 265, 266, 267, 268, 269, 271, 272, 273, 274, 279, 280, 281, 292, 294, 295, 296, 298, 299, 303, 306, 307, 317, 319, 322, 331, 334, 340, 341, 342, 351, 353], "excluded_lines": [], "functions": {"detect_group_info": {"executed_lines": [], "summary": {"covered_lines": 0, "num_statements": 10, "percent_covered": 0.0, "percent_covered_display": "0", "missing_lines": 10, "excluded_lines": 0}, "missing_lines": [26, 27, 28, 29, 30, 31, 33, 36, 39, 41], "excluded_lines": []}, "handle_group_selection": {"executed_lines": [], "summary": {"covered_lines": 0, "num_statements": 22, "percent_covered": 0.0, "percent_covered_display": "0", "missing_lines": 22, "excluded_lines": 0}, "missing_lines": [53, 54, 55, 57, 58, 59, 61, 72, 73, 74, 76, 77, 78, 79, 83, 88, 89, 90, 91, 95, 96, 97], "excluded_lines": []}, "process_manual_group_input": {"executed_lines": [], "summary": {"covered_lines": 0, "num_statements": 21, "percent_covered": 0.0, "percent_covered_display": "0", "missing_lines": 21, "excluded_lines": 0}, "missing_lines": [105, 108, 109, 110, 114, 116, 118, 121, 122, 126, 128, 131, 134, 136, 146, 147, 148, 149, 154, 155, 156], "excluded_lines": []}, "show_faculty_groups": {"executed_lines": [], "summary": {"covered_lines": 0, "num_statements": 34, "percent_covered": 0.0, "percent_covered_display": "0", "missing_lines": 34, "excluded_lines": 0}, "missing_lines": [167, 168, 169, 171, 173, 174, 175, 176, 177, 178, 180, 181, 183, 184, 185, 187, 188, 190, 191, 193, 195, 197, 200, 201, 202, 203, 206, 207, 208, 213, 216, 222, 223, 224], "excluded_lines": []}, "show_group_confirmation": {"executed_lines": [], "summary": {"covered_lines": 0, "num_statements": 22, "percent_covered": 0.0, "percent_covered_display": "0", "missing_lines": 22, "excluded_lines": 0}, "missing_lines": [237, 238, 239, 240, 241, 242, 244, 259, 262, 263, 265, 266, 267, 268, 269, 271, 272, 273, 274, 279, 280, 281], "excluded_lines": []}, "confirm_group_selection": {"executed_lines": [], "summary": {"covered_lines": 0, "num_statements": 17, "percent_covered": 0.0, "percent_covered_display": "0", "missing_lines": 17, "excluded_lines": 0}, "missing_lines": [292, 294, 295, 296, 298, 299, 303, 306, 307, 317, 319, 322, 331, 334, 340, 341, 342], "excluded_lines": []}, "register_group_selection_handlers": {"executed_lines": [], "summary": {"covered_lines": 0, "num_statements": 2, "percent_covered": 0.0, "percent_covered_display": "0", "missing_lines": 2, "excluded_lines": 0}, "missing_lines": [351, 353], "excluded_lines": []}, "": {"executed_lines": [1, 6, 7, 8, 9, 11, 12, 17, 18, 19, 20, 23, 49, 103, 163, 230, 288, 349], "summary": {"covered_lines": 17, "num_statements": 17, "percent_covered": 100.0, "percent_covered_display": "100", "missing_lines": 0, "excluded_lines": 0}, "missing_lines": [], "excluded_lines": []}}, "classes": {"": {"executed_lines": [1, 6, 7, 8, 9, 11, 12, 17, 18, 19, 20, 23, 49, 103, 163, 230, 288, 349], "summary": {"covered_lines": 17, "num_statements": 145, "percent_covered": 11.724137931034482, "percent_covered_display": "12", "missing_lines": 128, "excluded_lines": 0}, "missing_lines": [26, 27, 28, 29, 30, 31, 33, 36, 39, 41, 53, 54, 55, 57, 58, 59, 61, 72, 73, 74, 76, 77, 78, 79, 83, 88, 89, 90, 91, 95, 96, 97, 105, 108, 109, 110, 114, 116, 118, 121, 122, 126, 128, 131, 134, 136, 146, 147, 148, 149, 154, 155, 156, 167, 168, 169, 171, 173, 174, 175, 176, 177, 178, 180, 181, 183, 184, 185, 187, 188, 190, 191, 193, 195, 197, 200, 201, 202, 203, 206, 207, 208, 213, 216, 222, 223, 224, 237, 238, 239, 240, 241, 242, 244, 259, 262, 263, 265, 266, 267, 268, 269, 271, 272, 273, 274, 279, 280, 281, 292, 294, 295, 296, 298, 299, 303, 306, 307, 317, 319, 322, 331, 334, 340, 341, 342, 351, 353], "excluded_lines": []}}}, "app/bot/handlers/group_setup_handler.py": {"executed_lines": [1, 3, 4, 5, 7, 8, 9, 12, 14, 17, 19, 20, 35, 37, 38, 39, 42, 44, 45, 47, 48, 49, 50, 53, 57, 58, 61, 62, 63, 65, 68, 70, 71, 72, 73, 74, 75, 76, 77, 78, 79, 80, 81, 82, 83, 84, 85, 86, 87, 121, 123, 125, 126, 127, 128, 132, 136, 137, 139, 140, 142, 143, 144, 195, 196, 197, 198, 201, 257, 259, 260, 261, 262, 263, 267, 268, 269, 270, 271, 272, 279, 281, 282, 283, 287, 288, 289, 290, 291, 292, 299, 301, 302, 303, 307, 308, 309, 310, 311, 312, 319, 322, 325], "summary": {"covered_lines": 102, "num_statements": 188, "percent_covered": 54.255319148936174, "percent_covered_display": "54", "missing_lines": 86, "excluded_lines": 0}, "missing_lines": [103, 104, 105, 147, 148, 151, 154, 162, 187, 188, 189, 190, 191, 192, 193, 203, 204, 206, 207, 208, 210, 212, 213, 214, 215, 217, 220, 221, 222, 234, 243, 245, 246, 247, 248, 250, 252, 253, 254, 265, 274, 275, 276, 285, 294, 295, 296, 305, 314, 315, 316, 329, 330, 331, 334, 335, 337, 338, 339, 340, 341, 344, 346, 347, 349, 353, 355, 356, 359, 360, 361, 373, 384, 386, 387, 388, 390, 411, 412, 413, 414, 415, 417, 418, 419, 420], "excluded_lines": [], "functions": {"handle_group_command": {"executed_lines": [14], "summary": {"covered_lines": 1, "num_statements": 1, "percent_covered": 100.0, "percent_covered_display": "100", "missing_lines": 0, "excluded_lines": 0}, "missing_lines": [], "excluded_lines": []}, "handle_help_command": {"executed_lines": [19, 20, 35, 37, 38, 39], "summary": {"covered_lines": 6, "num_statements": 6, "percent_covered": 100.0, "percent_covered_display": "100", "missing_lines": 0, "excluded_lines": 0}, "missing_lines": [], "excluded_lines": []}, "start_group_setup": {"executed_lines": [44, 45, 47, 48, 49, 50], "summary": {"covered_lines": 6, "num_statements": 6, "percent_covered": 100.0, "percent_covered_display": "100", "missing_lines": 0, "excluded_lines": 0}, "missing_lines": [], "excluded_lines": []}, "handle_group_setup_callback": {"executed_lines": [57, 58, 61, 62, 63, 65, 68, 70, 71, 72, 73, 74, 75, 76, 77, 78, 79, 80, 81, 82, 83, 84, 85, 86, 87, 121, 123, 125, 126, 127, 128], "summary": {"covered_lines": 31, "num_statements": 34, "percent_covered": 91.17647058823529, "percent_covered_display": "91", "missing_lines": 3, "excluded_lines": 0}, "missing_lines": [103, 104, 105], "excluded_lines": []}, "select_group": {"executed_lines": [136, 137, 139, 140, 142, 143, 144, 195, 196, 197, 198], "summary": {"covered_lines": 11, "num_statements": 23, "percent_covered": 47.82608695652174, "percent_covered_display": "48", "missing_lines": 12, "excluded_lines": 0}, "missing_lines": [147, 148, 151, 154, 162, 187, 188, 189, 190, 191, 192, 193], "excluded_lines": []}, "show_faculty_list": {"executed_lines": [], "summary": {"covered_lines": 0, "num_statements": 24, "percent_covered": 0.0, "percent_covered_display": "0", "missing_lines": 24, "excluded_lines": 0}, "missing_lines": [203, 204, 206, 207, 208, 210, 212, 213, 214, 215, 217, 220, 221, 222, 234, 243, 245, 246, 247, 248, 250, 252, 253, 254], "excluded_lines": []}, "handle_schedule_callback": {"executed_lines": [259, 260, 261, 262, 263, 267, 268, 269, 270, 271, 272], "summary": {"covered_lines": 11, "num_statements": 15, "percent_covered": 73.33333333333333, "percent_covered_display": "73", "missing_lines": 4, "excluded_lines": 0}, "missing_lines": [265, 274, 275, 276], "excluded_lines": []}, "handle_grades_callback": {"executed_lines": [281, 282, 283, 287, 288, 289, 290, 291, 292], "summary": {"covered_lines": 9, "num_statements": 13, "percent_covered": 69.23076923076923, "percent_covered_display": "69", "missing_lines": 4, "excluded_lines": 0}, "missing_lines": [285, 294, 295, 296], "excluded_lines": []}, "handle_settings_callback": {"executed_lines": [301, 302, 303, 307, 308, 309, 310, 311, 312], "summary": {"covered_lines": 9, "num_statements": 13, "percent_covered": 69.23076923076923, "percent_covered_display": "69", "missing_lines": 4, "excluded_lines": 0}, "missing_lines": [305, 314, 315, 316], "excluded_lines": []}, "register_group_setup_handlers": {"executed_lines": [322], "summary": {"covered_lines": 1, "num_statements": 1, "percent_covered": 100.0, "percent_covered_display": "100", "missing_lines": 0, "excluded_lines": 0}, "missing_lines": [], "excluded_lines": []}, "show_faculty_groups": {"executed_lines": [], "summary": {"covered_lines": 0, "num_statements": 35, "percent_covered": 0.0, "percent_covered_display": "0", "missing_lines": 35, "excluded_lines": 0}, "missing_lines": [329, 330, 331, 334, 335, 337, 338, 339, 340, 341, 344, 346, 347, 349, 353, 355, 356, 359, 360, 361, 373, 384, 386, 387, 388, 390, 411, 412, 413, 414, 415, 417, 418, 419, 420], "excluded_lines": []}, "": {"executed_lines": [1, 3, 4, 5, 7, 8, 9, 12, 17, 42, 53, 132, 201, 257, 279, 299, 319, 325], "summary": {"covered_lines": 17, "num_statements": 17, "percent_covered": 100.0, "percent_covered_display": "100", "missing_lines": 0, "excluded_lines": 0}, "missing_lines": [], "excluded_lines": []}}, "classes": {"": {"executed_lines": [1, 3, 4, 5, 7, 8, 9, 12, 14, 17, 19, 20, 35, 37, 38, 39, 42, 44, 45, 47, 48, 49, 50, 53, 57, 58, 61, 62, 63, 65, 68, 70, 71, 72, 73, 74, 75, 76, 77, 78, 79, 80, 81, 82, 83, 84, 85, 86, 87, 121, 123, 125, 126, 127, 128, 132, 136, 137, 139, 140, 142, 143, 144, 195, 196, 197, 198, 201, 257, 259, 260, 261, 262, 263, 267, 268, 269, 270, 271, 272, 279, 281, 282, 283, 287, 288, 289, 290, 291, 292, 299, 301, 302, 303, 307, 308, 309, 310, 311, 312, 319, 322, 325], "summary": {"covered_lines": 102, "num_statements": 188, "percent_covered": 54.255319148936174, "percent_covered_display": "54", "missing_lines": 86, "excluded_lines": 0}, "missing_lines": [103, 104, 105, 147, 148, 151, 154, 162, 187, 188, 189, 190, 191, 192, 193, 203, 204, 206, 207, 208, 210, 212, 213, 214, 215, 217, 220, 221, 222, 234, 243, 245, 246, 247, 248, 250, 252, 253, 254, 265, 274, 275, 276, 285, 294, 295, 296, 305, 314, 315, 316, 329, 330, 331, 334, 335, 337, 338, 339, 340, 341, 344, 346, 347, 349, 353, 355, 356, 359, 360, 361, 373, 384, 386, 387, 388, 390, 411, 412, 413, 414, 415, 417, 418, 419, 420], "excluded_lines": []}}}, "app/bot/handlers/invitation_handler.py": {"executed_lines": [4, 7, 8, 9, 10, 12, 13, 18, 19, 20, 21, 24, 28, 29, 31, 32, 33, 35, 36, 40, 42, 45, 47, 48, 49, 51, 57, 58, 59, 63, 64, 69, 70, 71, 77, 81, 82, 84, 85, 86, 88, 89, 93, 95, 98, 106, 107, 108, 109, 112, 117, 118, 120, 144, 145, 146, 152, 156, 157, 159, 160, 161, 163, 164, 168, 170, 171, 173, 174, 175, 177, 178, 179, 180, 181, 187, 188, 189, 190, 191, 193, 221, 225, 227, 228, 230, 231, 232, 234, 248, 249, 250, 256, 258, 259, 261, 262, 263, 266, 268, 269, 274, 277, 279, 281, 282, 283, 284, 286, 294, 304, 306, 307, 308, 314, 317, 318, 319, 320, 323], "summary": {"covered_lines": 119, "num_statements": 122, "percent_covered": 97.54098360655738, "percent_covered_display": "98", "missing_lines": 3, "excluded_lines": 0}, "missing_lines": [213, 214, 215], "excluded_lines": [], "functions": {"handle_invitation_main": {"executed_lines": [28, 29, 31, 32, 33, 35, 36, 40, 42, 45, 47, 48, 49, 51, 57, 58, 59, 63, 64, 69, 70, 71], "summary": {"covered_lines": 22, "num_statements": 22, "percent_covered": 100.0, "percent_covered_display": "100", "missing_lines": 0, "excluded_lines": 0}, "missing_lines": [], "excluded_lines": []}, "handle_create_invitation": {"executed_lines": [81, 82, 84, 85, 86, 88, 89, 93, 95, 98, 106, 107, 108, 109, 112, 117, 118, 120, 144, 145, 146], "summary": {"covered_lines": 21, "num_statements": 21, "percent_covered": 100.0, "percent_covered_display": "100", "missing_lines": 0, "excluded_lines": 0}, "missing_lines": [], "excluded_lines": []}, "handle_list_invitations": {"executed_lines": [156, 157, 159, 160, 161, 163, 164, 168, 170, 171, 173, 174, 175, 177, 178, 179, 180, 181, 187, 188, 189, 190, 191, 193], "summary": {"covered_lines": 24, "num_statements": 27, "percent_covered": 88.88888888888889, "percent_covered_display": "89", "missing_lines": 3, "excluded_lines": 0}, "missing_lines": [213, 214, 215], "excluded_lines": []}, "handle_use_invitation": {"executed_lines": [225, 227, 228, 230, 231, 232, 234, 248, 249, 250], "summary": {"covered_lines": 10, "num_statements": 10, "percent_covered": 100.0, "percent_covered_display": "100", "missing_lines": 0, "excluded_lines": 0}, "missing_lines": [], "excluded_lines": []}, "process_invitation_code": {"executed_lines": [258, 259, 261, 262, 263, 266, 268, 269, 274, 277, 279, 281, 282, 283, 284, 286, 294, 304, 306, 307, 308], "summary": {"covered_lines": 21, "num_statements": 21, "percent_covered": 100.0, "percent_covered_display": "100", "missing_lines": 0, "excluded_lines": 0}, "missing_lines": [], "excluded_lines": []}, "register_invitation_handlers": {"executed_lines": [317, 318, 319, 320, 323], "summary": {"covered_lines": 5, "num_statements": 5, "percent_covered": 100.0, "percent_covered_display": "100", "missing_lines": 0, "excluded_lines": 0}, "missing_lines": [], "excluded_lines": []}, "": {"executed_lines": [4, 7, 8, 9, 10, 12, 13, 18, 19, 20, 21, 24, 77, 152, 221, 256, 314], "summary": {"covered_lines": 16, "num_statements": 16, "percent_covered": 100.0, "percent_covered_display": "100", "missing_lines": 0, "excluded_lines": 0}, "missing_lines": [], "excluded_lines": []}}, "classes": {"": {"executed_lines": [4, 7, 8, 9, 10, 12, 13, 18, 19, 20, 21, 24, 28, 29, 31, 32, 33, 35, 36, 40, 42, 45, 47, 48, 49, 51, 57, 58, 59, 63, 64, 69, 70, 71, 77, 81, 82, 84, 85, 86, 88, 89, 93, 95, 98, 106, 107, 108, 109, 112, 117, 118, 120, 144, 145, 146, 152, 156, 157, 159, 160, 161, 163, 164, 168, 170, 171, 173, 174, 175, 177, 178, 179, 180, 181, 187, 188, 189, 190, 191, 193, 221, 225, 227, 228, 230, 231, 232, 234, 248, 249, 250, 256, 258, 259, 261, 262, 263, 266, 268, 269, 274, 277, 279, 281, 282, 283, 284, 286, 294, 304, 306, 307, 308, 314, 317, 318, 319, 320, 323], "summary": {"covered_lines": 119, "num_statements": 122, "percent_covered": 97.54098360655738, "percent_covered_display": "98", "missing_lines": 3, "excluded_lines": 0}, "missing_lines": [213, 214, 215], "excluded_lines": []}}}, "app/bot/handlers/main_menu_handler.py": {"executed_lines": [4, 13, 14, 16, 19, 43, 63, 82, 102, 117, 136, 163, 184], "summary": {"covered_lines": 12, "num_statements": 79, "percent_covered": 15.189873417721518, "percent_covered_display": "15", "missing_lines": 67, "excluded_lines": 0}, "missing_lines": [21, 23, 25, 35, 37, 38, 39, 40, 45, 46, 55, 57, 58, 59, 60, 65, 66, 74, 76, 77, 78, 79, 84, 85, 94, 96, 97, 98, 99, 104, 105, 107, 109, 111, 112, 113, 114, 119, 120, 128, 130, 131, 132, 133, 138, 139, 155, 157, 158, 159, 160, 165, 166, 168, 176, 178, 179, 180, 181, 187, 188, 189, 192, 193, 194, 197, 200], "excluded_lines": [], "functions": {"handle_schedule_command": {"executed_lines": [], "summary": {"covered_lines": 0, "num_statements": 8, "percent_covered": 0.0, "percent_covered_display": "0", "missing_lines": 8, "excluded_lines": 0}, "missing_lines": [21, 23, 25, 35, 37, 38, 39, 40], "excluded_lines": []}, "handle_grades_command": {"executed_lines": [], "summary": {"covered_lines": 0, "num_statements": 7, "percent_covered": 0.0, "percent_covered_display": "0", "missing_lines": 7, "excluded_lines": 0}, "missing_lines": [45, 46, 55, 57, 58, 59, 60], "excluded_lines": []}, "handle_attendance_command": {"executed_lines": [], "summary": {"covered_lines": 0, "num_statements": 7, "percent_covered": 0.0, "percent_covered_display": "0", "missing_lines": 7, "excluded_lines": 0}, "missing_lines": [65, 66, 74, 76, 77, 78, 79], "excluded_lines": []}, "handle_settings_command": {"executed_lines": [], "summary": {"covered_lines": 0, "num_statements": 7, "percent_covered": 0.0, "percent_covered_display": "0", "missing_lines": 7, "excluded_lines": 0}, "missing_lines": [84, 85, 94, 96, 97, 98, 99], "excluded_lines": []}, "handle_group_command_menu": {"executed_lines": [], "summary": {"covered_lines": 0, "num_statements": 8, "percent_covered": 0.0, "percent_covered_display": "0", "missing_lines": 8, "excluded_lines": 0}, "missing_lines": [104, 105, 107, 109, 111, 112, 113, 114], "excluded_lines": []}, "handle_notifications_command": {"executed_lines": [], "summary": {"covered_lines": 0, "num_statements": 7, "percent_covered": 0.0, "percent_covered_display": "0", "missing_lines": 7, "excluded_lines": 0}, "missing_lines": [119, 120, 128, 130, 131, 132, 133], "excluded_lines": []}, "handle_help_command_menu": {"executed_lines": [], "summary": {"covered_lines": 0, "num_statements": 7, "percent_covered": 0.0, "percent_covered_display": "0", "missing_lines": 7, "excluded_lines": 0}, "missing_lines": [138, 139, 155, 157, 158, 159, 160], "excluded_lines": []}, "handle_unknown_message": {"executed_lines": [], "summary": {"covered_lines": 0, "num_statements": 8, "percent_covered": 0.0, "percent_covered_display": "0", "missing_lines": 8, "excluded_lines": 0}, "missing_lines": [165, 166, 168, 176, 178, 179, 180, 181], "excluded_lines": []}, "register_main_menu_handlers": {"executed_lines": [], "summary": {"covered_lines": 0, "num_statements": 8, "percent_covered": 0.0, "percent_covered_display": "0", "missing_lines": 8, "excluded_lines": 0}, "missing_lines": [187, 188, 189, 192, 193, 194, 197, 200], "excluded_lines": []}, "": {"executed_lines": [4, 13, 14, 16, 19, 43, 63, 82, 102, 117, 136, 163, 184], "summary": {"covered_lines": 12, "num_statements": 12, "percent_covered": 100.0, "percent_covered_display": "100", "missing_lines": 0, "excluded_lines": 0}, "missing_lines": [], "excluded_lines": []}}, "classes": {"": {"executed_lines": [4, 13, 14, 16, 19, 43, 63, 82, 102, 117, 136, 163, 184], "summary": {"covered_lines": 12, "num_statements": 79, "percent_covered": 15.189873417721518, "percent_covered_display": "15", "missing_lines": 67, "excluded_lines": 0}, "missing_lines": [21, 23, 25, 35, 37, 38, 39, 40, 45, 46, 55, 57, 58, 59, 60, 65, 66, 74, 76, 77, 78, 79, 84, 85, 94, 96, 97, 98, 99, 104, 105, 107, 109, 111, 112, 113, 114, 119, 120, 128, 130, 131, 132, 133, 138, 139, 155, 157, 158, 159, 160, 165, 166, 168, 176, 178, 179, 180, 181, 187, 188, 189, 192, 193, 194, 197, 200], "excluded_lines": []}}}, "app/bot/handlers/menu_handler.py": {"executed_lines": [1, 3, 4, 5, 7, 8, 9, 10, 11, 14, 18, 19, 21, 27, 28, 29, 31, 32, 39, 40, 47, 48, 49, 54, 56, 63, 64, 65, 70, 71, 78, 79, 86, 87, 94, 95, 102, 104, 105, 107, 108, 110, 111, 118, 119, 126, 127, 133, 134, 139, 140, 141, 147], "summary": {"covered_lines": 52, "num_statements": 53, "percent_covered": 98.11320754716981, "percent_covered_display": "98", "missing_lines": 1, "excluded_lines": 0}, "missing_lines": [149], "excluded_lines": [], "functions": {"handle_menu": {"executed_lines": [18, 19, 21, 27, 28, 29, 31, 32, 39, 40, 47, 48, 49, 54, 56, 63, 64, 65, 70, 71, 78, 79, 86, 87, 94, 95, 102, 104, 105, 107, 108, 110, 111, 118, 119, 126, 127, 133, 134, 139, 140, 141], "summary": {"covered_lines": 42, "num_statements": 42, "percent_covered": 100.0, "percent_covered_display": "100", "missing_lines": 0, "excluded_lines": 0}, "missing_lines": [], "excluded_lines": []}, "register_menu_handlers": {"executed_lines": [], "summary": {"covered_lines": 0, "num_statements": 1, "percent_covered": 0.0, "percent_covered_display": "0", "missing_lines": 1, "excluded_lines": 0}, "missing_lines": [149], "excluded_lines": []}, "": {"executed_lines": [1, 3, 4, 5, 7, 8, 9, 10, 11, 14, 147], "summary": {"covered_lines": 10, "num_statements": 10, "percent_covered": 100.0, "percent_covered_display": "100", "missing_lines": 0, "excluded_lines": 0}, "missing_lines": [], "excluded_lines": []}}, "classes": {"": {"executed_lines": [1, 3, 4, 5, 7, 8, 9, 10, 11, 14, 18, 19, 21, 27, 28, 29, 31, 32, 39, 40, 47, 48, 49, 54, 56, 63, 64, 65, 70, 71, 78, 79, 86, 87, 94, 95, 102, 104, 105, 107, 108, 110, 111, 118, 119, 126, 127, 133, 134, 139, 140, 141, 147], "summary": {"covered_lines": 52, "num_statements": 53, "percent_covered": 98.11320754716981, "percent_covered_display": "98", "missing_lines": 1, "excluded_lines": 0}, "missing_lines": [149], "excluded_lines": []}}}, "app/bot/handlers/profile_handler.py": {"executed_lines": [1, 3, 4, 5, 7, 8, 9, 10, 15, 35, 86], "summary": {"covered_lines": 10, "num_statements": 37, "percent_covered": 27.027027027027028, "percent_covered_display": "27", "missing_lines": 27, "excluded_lines": 0}, "missing_lines": [19, 21, 22, 25, 28, 29, 30, 31, 32, 39, 40, 42, 45, 46, 47, 48, 51, 53, 61, 64, 66, 67, 69, 78, 79, 80, 88], "excluded_lines": [], "functions": {"handle_profile_setup": {"executed_lines": [], "summary": {"covered_lines": 0, "num_statements": 9, "percent_covered": 0.0, "percent_covered_display": "0", "missing_lines": 9, "excluded_lines": 0}, "missing_lines": [19, 21, 22, 25, 28, 29, 30, 31, 32], "excluded_lines": []}, "confirm_profile_setup": {"executed_lines": [], "summary": {"covered_lines": 0, "num_statements": 17, "percent_covered": 0.0, "percent_covered_display": "0", "missing_lines": 17, "excluded_lines": 0}, "missing_lines": [39, 40, 42, 45, 46, 47, 48, 51, 53, 61, 64, 66, 67, 69, 78, 79, 80], "excluded_lines": []}, "register_profile_handlers": {"executed_lines": [], "summary": {"covered_lines": 0, "num_statements": 1, "percent_covered": 0.0, "percent_covered_display": "0", "missing_lines": 1, "excluded_lines": 0}, "missing_lines": [88], "excluded_lines": []}, "": {"executed_lines": [1, 3, 4, 5, 7, 8, 9, 10, 15, 35, 86], "summary": {"covered_lines": 10, "num_statements": 10, "percent_covered": 100.0, "percent_covered_display": "100", "missing_lines": 0, "excluded_lines": 0}, "missing_lines": [], "excluded_lines": []}}, "classes": {"": {"executed_lines": [1, 3, 4, 5, 7, 8, 9, 10, 15, 35, 86], "summary": {"covered_lines": 10, "num_statements": 37, "percent_covered": 27.027027027027028, "percent_covered_display": "27", "missing_lines": 27, "excluded_lines": 0}, "missing_lines": [19, 21, 22, 25, 28, 29, 30, 31, 32, 39, 40, 42, 45, 46, 47, 48, 51, 53, 61, 64, 66, 67, 69, 78, 79, 80, 88], "excluded_lines": []}}}, "app/bot/handlers/simplified_menu_handler.py": {"executed_lines": [1, 4, 5, 6, 8, 9, 10, 11, 14, 18, 19, 20, 22, 23, 24, 26, 27, 29, 30, 32, 33, 34, 36, 41, 42, 43, 45, 50, 51, 55, 64, 65, 66, 72, 76, 77, 78, 84, 90, 92, 93, 94, 95, 98, 100, 102, 104, 105, 106, 108, 115, 123, 125, 135, 139, 140, 141, 144, 146, 147, 148, 150, 154, 156, 158, 166, 170, 172, 176, 177, 178, 185, 189, 201, 205, 206, 214, 216, 219, 221, 222, 224, 227, 228, 229, 230, 231, 232, 235, 245, 246, 247, 249, 250, 251, 252, 254, 255, 256, 257, 258, 260, 263, 270, 272, 275, 277], "summary": {"covered_lines": 106, "num_statements": 111, "percent_covered": 95.49549549549549, "percent_covered_display": "95", "missing_lines": 5, "excluded_lines": 0}, "missing_lines": [109, 113, 127, 128, 129], "excluded_lines": [], "functions": {"handle_menu_action": {"executed_lines": [18, 19, 20, 22, 23, 24, 26, 27, 29, 30, 32, 33, 34, 36, 41, 42, 43, 45, 50, 51, 55, 64, 65, 66], "summary": {"covered_lines": 24, "num_statements": 24, "percent_covered": 100.0, "percent_covered_display": "100", "missing_lines": 0, "excluded_lines": 0}, "missing_lines": [], "excluded_lines": []}, "show_main_menu": {"executed_lines": [76, 77, 78, 84, 90, 92, 93, 94, 95], "summary": {"covered_lines": 9, "num_statements": 9, "percent_covered": 100.0, "percent_covered_display": "100", "missing_lines": 0, "excluded_lines": 0}, "missing_lines": [], "excluded_lines": []}, "show_group_selection": {"executed_lines": [100, 102, 104, 105, 106, 108, 115, 123, 125], "summary": {"covered_lines": 9, "num_statements": 14, "percent_covered": 64.28571428571429, "percent_covered_display": "64", "missing_lines": 5, "excluded_lines": 0}, "missing_lines": [109, 113, 127, 128, 129], "excluded_lines": []}, "show_user_schedule": {"executed_lines": [139, 140, 141, 144, 146, 147, 148, 150, 154, 156, 158, 166, 170, 172, 176, 177, 178], "summary": {"covered_lines": 17, "num_statements": 17, "percent_covered": 100.0, "percent_covered_display": "100", "missing_lines": 0, "excluded_lines": 0}, "missing_lines": [], "excluded_lines": []}, "handle_export_schedule": {"executed_lines": [189], "summary": {"covered_lines": 1, "num_statements": 1, "percent_covered": 100.0, "percent_covered_display": "100", "missing_lines": 0, "excluded_lines": 0}, "missing_lines": [], "excluded_lines": []}, "show_settings_menu": {"executed_lines": [205, 206, 214, 216], "summary": {"covered_lines": 4, "num_statements": 4, "percent_covered": 100.0, "percent_covered_display": "100", "missing_lines": 0, "excluded_lines": 0}, "missing_lines": [], "excluded_lines": []}, "format_user_schedule": {"executed_lines": [221, 222, 224, 227, 228, 229, 230, 231, 232, 235, 245, 246, 247, 249, 250, 251, 252, 254, 255, 256, 257, 258, 260, 263, 270, 272], "summary": {"covered_lines": 26, "num_statements": 26, "percent_covered": 100.0, "percent_covered_display": "100", "missing_lines": 0, "excluded_lines": 0}, "missing_lines": [], "excluded_lines": []}, "register_simplified_menu_handlers": {"executed_lines": [277], "summary": {"covered_lines": 1, "num_statements": 1, "percent_covered": 100.0, "percent_covered_display": "100", "missing_lines": 0, "excluded_lines": 0}, "missing_lines": [], "excluded_lines": []}, "": {"executed_lines": [1, 4, 5, 6, 8, 9, 10, 11, 14, 72, 98, 135, 185, 201, 219, 275], "summary": {"covered_lines": 15, "num_statements": 15, "percent_covered": 100.0, "percent_covered_display": "100", "missing_lines": 0, "excluded_lines": 0}, "missing_lines": [], "excluded_lines": []}}, "classes": {"": {"executed_lines": [1, 4, 5, 6, 8, 9, 10, 11, 14, 18, 19, 20, 22, 23, 24, 26, 27, 29, 30, 32, 33, 34, 36, 41, 42, 43, 45, 50, 51, 55, 64, 65, 66, 72, 76, 77, 78, 84, 90, 92, 93, 94, 95, 98, 100, 102, 104, 105, 106, 108, 115, 123, 125, 135, 139, 140, 141, 144, 146, 147, 148, 150, 154, 156, 158, 166, 170, 172, 176, 177, 178, 185, 189, 201, 205, 206, 214, 216, 219, 221, 222, 224, 227, 228, 229, 230, 231, 232, 235, 245, 246, 247, 249, 250, 251, 252, 254, 255, 256, 257, 258, 260, 263, 270, 272, 275, 277], "summary": {"covered_lines": 106, "num_statements": 111, "percent_covered": 95.49549549549549, "percent_covered_display": "95", "missing_lines": 5, "excluded_lines": 0}, "missing_lines": [109, 113, 127, 128, 129], "excluded_lines": []}}}, "app/bot/handlers/start_handler.py": {"executed_lines": [1, 3, 4, 5, 6, 8, 12, 13, 14, 15, 16, 19, 21, 22, 23, 24, 27, 29, 30, 31, 32, 34, 35, 37, 38, 41, 42, 44, 45, 46, 52, 53, 54, 64, 65, 66, 71, 74, 75, 78, 80, 83, 85, 92, 98, 100, 101, 102, 103, 104, 105, 108, 110, 111, 112, 113, 115, 116, 117, 120, 122, 123, 126, 129, 134, 135, 136, 137, 140], "summary": {"covered_lines": 68, "num_statements": 78, "percent_covered": 87.17948717948718, "percent_covered_display": "87", "missing_lines": 10, "excluded_lines": 0}, "missing_lines": [49, 50, 57, 58, 61, 142, 143, 144, 145, 146], "excluded_lines": [], "functions": {"cmd_start": {"executed_lines": [21, 22, 23, 24, 27, 29, 30, 31, 32, 34, 35, 37, 38, 41, 42, 44, 45, 46, 52, 53, 54, 64, 65, 66, 71, 74, 75, 78, 80, 83, 85, 92, 98, 100, 101, 102, 103, 104, 105], "summary": {"covered_lines": 39, "num_statements": 44, "percent_covered": 88.63636363636364, "percent_covered_display": "89", "missing_lines": 5, "excluded_lines": 0}, "missing_lines": [49, 50, 57, 58, 61], "excluded_lines": []}, "cmd_cancel": {"executed_lines": [110, 111, 112, 113, 115, 116, 117], "summary": {"covered_lines": 7, "num_statements": 7, "percent_covered": 100.0, "percent_covered_display": "100", "missing_lines": 0, "excluded_lines": 0}, "missing_lines": [], "excluded_lines": []}, "cmd_clean": {"executed_lines": [122, 123, 126, 129, 134, 135, 136, 137], "summary": {"covered_lines": 8, "num_statements": 8, "percent_covered": 100.0, "percent_covered_display": "100", "missing_lines": 0, "excluded_lines": 0}, "missing_lines": [], "excluded_lines": []}, "register_start_handlers": {"executed_lines": [], "summary": {"covered_lines": 0, "num_statements": 5, "percent_covered": 0.0, "percent_covered_display": "0", "missing_lines": 5, "excluded_lines": 0}, "missing_lines": [142, 143, 144, 145, 146], "excluded_lines": []}, "": {"executed_lines": [1, 3, 4, 5, 6, 8, 12, 13, 14, 15, 16, 19, 108, 120, 140], "summary": {"covered_lines": 14, "num_statements": 14, "percent_covered": 100.0, "percent_covered_display": "100", "missing_lines": 0, "excluded_lines": 0}, "missing_lines": [], "excluded_lines": []}}, "classes": {"": {"executed_lines": [1, 3, 4, 5, 6, 8, 12, 13, 14, 15, 16, 19, 21, 22, 23, 24, 27, 29, 30, 31, 32, 34, 35, 37, 38, 41, 42, 44, 45, 46, 52, 53, 54, 64, 65, 66, 71, 74, 75, 78, 80, 83, 85, 92, 98, 100, 101, 102, 103, 104, 105, 108, 110, 111, 112, 113, 115, 116, 117, 120, 122, 123, 126, 129, 134, 135, 136, 137, 140], "summary": {"covered_lines": 68, "num_statements": 78, "percent_covered": 87.17948717948718, "percent_covered_display": "87", "missing_lines": 10, "excluded_lines": 0}, "missing_lines": [49, 50, 57, 58, 61, 142, 143, 144, 145, 146], "excluded_lines": []}}}, "app/bot/keyboards.py": {"executed_lines": [4, 15, 16, 18, 25, 28, 35, 38, 39, 40, 41, 43, 44, 47, 57, 59, 61, 65, 69, 73, 77, 81, 85, 89, 93, 96, 100, 102, 105, 117, 119, 135, 140, 141, 144, 171, 198, 215, 231, 238, 239, 243, 247, 251, 252, 255, 282, 316, 353, 360, 362, 366, 370, 372, 375, 382, 384, 388, 392, 396, 398], "summary": {"covered_lines": 60, "num_statements": 108, "percent_covered": 55.55555555555556, "percent_covered_display": "56", "missing_lines": 48, "excluded_lines": 0}, "missing_lines": [121, 122, 124, 125, 132, 154, 155, 162, 166, 167, 168, 185, 187, 188, 189, 193, 195, 205, 206, 210, 211, 212, 222, 223, 227, 228, 269, 270, 274, 278, 279, 292, 294, 295, 296, 300, 302, 307, 311, 313, 326, 328, 332, 336, 340, 344, 348, 350], "excluded_lines": [], "functions": {"get_main_menu_reply_keyboard": {"executed_lines": [35, 38, 39, 40, 41, 43, 44], "summary": {"covered_lines": 7, "num_statements": 7, "percent_covered": 100.0, "percent_covered_display": "100", "missing_lines": 0, "excluded_lines": 0}, "missing_lines": [], "excluded_lines": []}, "get_main_menu_keyboard": {"executed_lines": [57, 59, 61, 65, 69, 73, 77, 81, 85, 89, 93, 96, 100, 102], "summary": {"covered_lines": 14, "num_statements": 14, "percent_covered": 100.0, "percent_covered_display": "100", "missing_lines": 0, "excluded_lines": 0}, "missing_lines": [], "excluded_lines": []}, "get_group_selection_keyboard": {"executed_lines": [117, 119, 135, 140, 141], "summary": {"covered_lines": 5, "num_statements": 10, "percent_covered": 50.0, "percent_covered_display": "50", "missing_lines": 5, "excluded_lines": 0}, "missing_lines": [121, 122, 124, 125, 132], "excluded_lines": []}, "get_group_confirmation_keyboard": {"executed_lines": [], "summary": {"covered_lines": 0, "num_statements": 6, "percent_covered": 0.0, "percent_covered_display": "0", "missing_lines": 6, "excluded_lines": 0}, "missing_lines": [154, 155, 162, 166, 167, 168], "excluded_lines": []}, "get_profile_setup_keyboard": {"executed_lines": [], "summary": {"covered_lines": 0, "num_statements": 6, "percent_covered": 0.0, "percent_covered_display": "0", "missing_lines": 6, "excluded_lines": 0}, "missing_lines": [185, 187, 188, 189, 193, 195], "excluded_lines": []}, "get_error_keyboard": {"executed_lines": [], "summary": {"covered_lines": 0, "num_statements": 5, "percent_covered": 0.0, "percent_covered_display": "0", "missing_lines": 5, "excluded_lines": 0}, "missing_lines": [205, 206, 210, 211, 212], "excluded_lines": []}, "get_simple_group_keyboard": {"executed_lines": [], "summary": {"covered_lines": 0, "num_statements": 4, "percent_covered": 0.0, "percent_covered_display": "0", "missing_lines": 4, "excluded_lines": 0}, "missing_lines": [222, 223, 227, 228], "excluded_lines": []}, "get_group_search_keyboard": {"executed_lines": [238, 239, 243, 247, 251, 252], "summary": {"covered_lines": 6, "num_statements": 6, "percent_covered": 100.0, "percent_covered_display": "100", "missing_lines": 0, "excluded_lines": 0}, "missing_lines": [], "excluded_lines": []}, "get_confirm_keyboard": {"executed_lines": [], "summary": {"covered_lines": 0, "num_statements": 5, "percent_covered": 0.0, "percent_covered_display": "0", "missing_lines": 5, "excluded_lines": 0}, "missing_lines": [269, 270, 274, 278, 279], "excluded_lines": []}, "get_grades_keyboard": {"executed_lines": [], "summary": {"covered_lines": 0, "num_statements": 9, "percent_covered": 0.0, "percent_covered_display": "0", "missing_lines": 9, "excluded_lines": 0}, "missing_lines": [292, 294, 295, 296, 300, 302, 307, 311, 313], "excluded_lines": []}, "get_subject_grades_keyboard": {"executed_lines": [], "summary": {"covered_lines": 0, "num_statements": 8, "percent_covered": 0.0, "percent_covered_display": "0", "missing_lines": 8, "excluded_lines": 0}, "missing_lines": [326, 328, 332, 336, 340, 344, 348, 350], "excluded_lines": []}, "get_invitation_keyboard": {"executed_lines": [360, 362, 366, 370, 372], "summary": {"covered_lines": 5, "num_statements": 5, "percent_covered": 100.0, "percent_covered_display": "100", "missing_lines": 0, "excluded_lines": 0}, "missing_lines": [], "excluded_lines": []}, "get_admin_invitation_keyboard": {"executed_lines": [382, 384, 388, 392, 396, 398], "summary": {"covered_lines": 6, "num_statements": 6, "percent_covered": 100.0, "percent_covered_display": "100", "missing_lines": 0, "excluded_lines": 0}, "missing_lines": [], "excluded_lines": []}, "": {"executed_lines": [4, 15, 16, 18, 25, 28, 47, 105, 144, 171, 198, 215, 231, 255, 282, 316, 353, 375], "summary": {"covered_lines": 17, "num_statements": 17, "percent_covered": 100.0, "percent_covered_display": "100", "missing_lines": 0, "excluded_lines": 0}, "missing_lines": [], "excluded_lines": []}}, "classes": {"": {"executed_lines": [4, 15, 16, 18, 25, 28, 35, 38, 39, 40, 41, 43, 44, 47, 57, 59, 61, 65, 69, 73, 77, 81, 85, 89, 93, 96, 100, 102, 105, 117, 119, 135, 140, 141, 144, 171, 198, 215, 231, 238, 239, 243, 247, 251, 252, 255, 282, 316, 353, 360, 362, 366, 370, 372, 375, 382, 384, 388, 392, 396, 398], "summary": {"covered_lines": 60, "num_statements": 108, "percent_covered": 55.55555555555556, "percent_covered_display": "56", "missing_lines": 48, "excluded_lines": 0}, "missing_lines": [121, 122, 124, 125, 132, 154, 155, 162, 166, 167, 168, 185, 187, 188, 189, 193, 195, 205, 206, 210, 211, 212, 222, 223, 227, 228, 269, 270, 274, 278, 279, 292, 294, 295, 296, 300, 302, 307, 311, 313, 326, 328, 332, 336, 340, 344, 348, 350], "excluded_lines": []}}}, "app/bot/main.py": {"executed_lines": [1, 3, 4, 5, 6, 8, 9, 10, 11, 12, 13, 15, 16, 17, 21, 24, 25, 27, 38, 39, 41, 52, 53, 55, 68, 69, 71, 76, 77, 83, 85, 86, 87, 89, 99, 100, 103, 105, 112, 113, 118, 125, 126, 127, 131, 145, 146, 147, 149, 153, 154, 156, 157, 159, 168, 196, 208, 220, 221, 222, 225, 262], "summary": {"covered_lines": 56, "num_statements": 119, "percent_covered": 47.05882352941177, "percent_covered_display": "47", "missing_lines": 63, "excluded_lines": 0}, "missing_lines": [34, 35, 48, 49, 62, 63, 64, 65, 73, 101, 102, 114, 115, 116, 128, 129, 161, 162, 163, 164, 165, 166, 176, 177, 179, 180, 183, 187, 188, 189, 190, 191, 192, 194, 198, 199, 200, 202, 203, 204, 205, 231, 234, 235, 236, 237, 240, 241, 242, 244, 247, 248, 249, 250, 251, 252, 253, 254, 255, 257, 258, 259, 263], "excluded_lines": [], "functions": {"BotError.__init__": {"executed_lines": [], "summary": {"covered_lines": 0, "num_statements": 2, "percent_covered": 0.0, "percent_covered_display": "0", "missing_lines": 2, "excluded_lines": 0}, "missing_lines": [34, 35], "excluded_lines": []}, "ConfigError.__init__": {"executed_lines": [], "summary": {"covered_lines": 0, "num_statements": 2, "percent_covered": 0.0, "percent_covered_display": "0", "missing_lines": 2, "excluded_lines": 0}, "missing_lines": [48, 49], "excluded_lines": []}, "SetupError.__init__": {"executed_lines": [], "summary": {"covered_lines": 0, "num_statements": 4, "percent_covered": 0.0, "percent_covered_display": "0", "missing_lines": 4, "excluded_lines": 0}, "missing_lines": [62, 63, 64, 65], "excluded_lines": []}, "NotInitializedError.__init__": {"executed_lines": [], "summary": {"covered_lines": 0, "num_statements": 1, "percent_covered": 0.0, "percent_covered_display": "0", "missing_lines": 1, "excluded_lines": 0}, "missing_lines": [73], "excluded_lines": []}, "BotApplication.__init__": {"executed_lines": [85, 86, 87], "summary": {"covered_lines": 3, "num_statements": 3, "percent_covered": 100.0, "percent_covered_display": "100", "missing_lines": 0, "excluded_lines": 0}, "missing_lines": [], "excluded_lines": []}, "BotApplication._check_token": {"executed_lines": [99, 100, 103], "summary": {"covered_lines": 3, "num_statements": 5, "percent_covered": 60.0, "percent_covered_display": "60", "missing_lines": 2, "excluded_lines": 0}, "missing_lines": [101, 102], "excluded_lines": []}, "BotApplication._init_database": {"executed_lines": [112, 113], "summary": {"covered_lines": 2, "num_statements": 5, "percent_covered": 40.0, "percent_covered_display": "40", "missing_lines": 3, "excluded_lines": 0}, "missing_lines": [114, 115, 116], "excluded_lines": []}, "BotApplication._init_scheduler": {"executed_lines": [125, 126, 127], "summary": {"covered_lines": 3, "num_statements": 5, "percent_covered": 60.0, "percent_covered_display": "60", "missing_lines": 2, "excluded_lines": 0}, "missing_lines": [128, 129], "excluded_lines": []}, "BotApplication.setup": {"executed_lines": [145, 146, 147, 149, 153, 154, 156, 157, 159], "summary": {"covered_lines": 9, "num_statements": 15, "percent_covered": 60.0, "percent_covered_display": "60", "missing_lines": 6, "excluded_lines": 0}, "missing_lines": [161, 162, 163, 164, 165, 166], "excluded_lines": []}, "BotApplication.start": {"executed_lines": [], "summary": {"covered_lines": 0, "num_statements": 12, "percent_covered": 0.0, "percent_covered_display": "0", "missing_lines": 12, "excluded_lines": 0}, "missing_lines": [176, 177, 179, 180, 183, 187, 188, 189, 190, 191, 192, 194], "excluded_lines": []}, "BotApplication.stop": {"executed_lines": [], "summary": {"covered_lines": 0, "num_statements": 7, "percent_covered": 0.0, "percent_covered_display": "0", "missing_lines": 7, "excluded_lines": 0}, "missing_lines": [198, 199, 200, 202, 203, 204, 205], "excluded_lines": []}, "create_bot_app": {"executed_lines": [220, 221, 222], "summary": {"covered_lines": 3, "num_statements": 3, "percent_covered": 100.0, "percent_covered_display": "100", "missing_lines": 0, "excluded_lines": 0}, "missing_lines": [], "excluded_lines": []}, "main": {"executed_lines": [], "summary": {"covered_lines": 0, "num_statements": 21, "percent_covered": 0.0, "percent_covered_display": "0", "missing_lines": 21, "excluded_lines": 0}, "missing_lines": [231, 234, 235, 236, 237, 240, 241, 242, 244, 247, 248, 249, 250, 251, 252, 253, 254, 255, 257, 258, 259], "excluded_lines": []}, "": {"executed_lines": [1, 3, 4, 5, 6, 8, 9, 10, 11, 12, 13, 15, 16, 17, 21, 24, 25, 27, 38, 39, 41, 52, 53, 55, 68, 69, 71, 76, 77, 83, 89, 105, 118, 131, 168, 196, 208, 225, 262], "summary": {"covered_lines": 33, "num_statements": 34, "percent_covered": 97.05882352941177, "percent_covered_display": "97", "missing_lines": 1, "excluded_lines": 0}, "missing_lines": [263], "excluded_lines": []}}, "classes": {"BotError": {"executed_lines": [], "summary": {"covered_lines": 0, "num_statements": 2, "percent_covered": 0.0, "percent_covered_display": "0", "missing_lines": 2, "excluded_lines": 0}, "missing_lines": [34, 35], "excluded_lines": []}, "ConfigError": {"executed_lines": [], "summary": {"covered_lines": 0, "num_statements": 2, "percent_covered": 0.0, "percent_covered_display": "0", "missing_lines": 2, "excluded_lines": 0}, "missing_lines": [48, 49], "excluded_lines": []}, "SetupError": {"executed_lines": [], "summary": {"covered_lines": 0, "num_statements": 4, "percent_covered": 0.0, "percent_covered_display": "0", "missing_lines": 4, "excluded_lines": 0}, "missing_lines": [62, 63, 64, 65], "excluded_lines": []}, "NotInitializedError": {"executed_lines": [], "summary": {"covered_lines": 0, "num_statements": 1, "percent_covered": 0.0, "percent_covered_display": "0", "missing_lines": 1, "excluded_lines": 0}, "missing_lines": [73], "excluded_lines": []}, "BotApplication": {"executed_lines": [85, 86, 87, 99, 100, 103, 112, 113, 125, 126, 127, 145, 146, 147, 149, 153, 154, 156, 157, 159], "summary": {"covered_lines": 20, "num_statements": 52, "percent_covered": 38.46153846153846, "percent_covered_display": "38", "missing_lines": 32, "excluded_lines": 0}, "missing_lines": [101, 102, 114, 115, 116, 128, 129, 161, 162, 163, 164, 165, 166, 176, 177, 179, 180, 183, 187, 188, 189, 190, 191, 192, 194, 198, 199, 200, 202, 203, 204, 205], "excluded_lines": []}, "": {"executed_lines": [1, 3, 4, 5, 6, 8, 9, 10, 11, 12, 13, 15, 16, 17, 21, 24, 25, 27, 38, 39, 41, 52, 53, 55, 68, 69, 71, 76, 77, 83, 89, 105, 118, 131, 168, 196, 208, 220, 221, 222, 225, 262], "summary": {"covered_lines": 36, "num_statements": 58, "percent_covered": 62.06896551724138, "percent_covered_display": "62", "missing_lines": 22, "excluded_lines": 0}, "missing_lines": [231, 234, 235, 236, 237, 240, 241, 242, 244, 247, 248, 249, 250, 251, 252, 253, 254, 255, 257, 258, 259, 263], "excluded_lines": []}}}, "app/bot/middleware/__init__.py": {"executed_lines": [], "summary": {"covered_lines": 0, "num_statements": 2, "percent_covered": 0.0, "percent_covered_display": "0", "missing_lines": 2, "excluded_lines": 0}, "missing_lines": [5, 7], "excluded_lines": [], "functions": {"": {"executed_lines": [], "summary": {"covered_lines": 0, "num_statements": 2, "percent_covered": 0.0, "percent_covered_display": "0", "missing_lines": 2, "excluded_lines": 0}, "missing_lines": [5, 7], "excluded_lines": []}}, "classes": {"": {"executed_lines": [], "summary": {"covered_lines": 0, "num_statements": 2, "percent_covered": 0.0, "percent_covered_display": "0", "missing_lines": 2, "excluded_lines": 0}, "missing_lines": [5, 7], "excluded_lines": []}}}, "app/bot/middleware/error_handler_middleware.py": {"executed_lines": [], "summary": {"covered_lines": 0, "num_statements": 40, "percent_covered": 0.0, "percent_covered_display": "0", "missing_lines": 40, "excluded_lines": 0}, "missing_lines": [5, 6, 7, 9, 10, 11, 13, 16, 19, 26, 27, 28, 30, 33, 38, 39, 40, 43, 46, 48, 50, 56, 57, 70, 71, 85, 87, 89, 91, 92, 98, 99, 104, 105, 106, 110, 112, 117, 119, 120], "excluded_lines": [], "functions": {"ErrorHandlerMiddleware.__call__": {"executed_lines": [], "summary": {"covered_lines": 0, "num_statements": 10, "percent_covered": 0.0, "percent_covered_display": "0", "missing_lines": 10, "excluded_lines": 0}, "missing_lines": [26, 27, 28, 30, 33, 38, 39, 40, 43, 46], "excluded_lines": []}, "ErrorHandlerMiddleware._get_event_info": {"executed_lines": [], "summary": {"covered_lines": 0, "num_statements": 6, "percent_covered": 0.0, "percent_covered_display": "0", "missing_lines": 6, "excluded_lines": 0}, "missing_lines": [50, 56, 57, 70, 71, 85], "excluded_lines": []}, "ErrorHandlerMiddleware._handle_user_error": {"executed_lines": [], "summary": {"covered_lines": 0, "num_statements": 13, "percent_covered": 0.0, "percent_covered_display": "0", "missing_lines": 13, "excluded_lines": 0}, "missing_lines": [89, 91, 92, 98, 99, 104, 105, 106, 110, 112, 117, 119, 120], "excluded_lines": []}, "": {"executed_lines": [], "summary": {"covered_lines": 0, "num_statements": 11, "percent_covered": 0.0, "percent_covered_display": "0", "missing_lines": 11, "excluded_lines": 0}, "missing_lines": [5, 6, 7, 9, 10, 11, 13, 16, 19, 48, 87], "excluded_lines": []}}, "classes": {"ErrorHandlerMiddleware": {"executed_lines": [], "summary": {"covered_lines": 0, "num_statements": 29, "percent_covered": 0.0, "percent_covered_display": "0", "missing_lines": 29, "excluded_lines": 0}, "missing_lines": [26, 27, 28, 30, 33, 38, 39, 40, 43, 46, 50, 56, 57, 70, 71, 85, 89, 91, 92, 98, 99, 104, 105, 106, 110, 112, 117, 119, 120], "excluded_lines": []}, "": {"executed_lines": [], "summary": {"covered_lines": 0, "num_statements": 11, "percent_covered": 0.0, "percent_covered_display": "0", "missing_lines": 11, "excluded_lines": 0}, "missing_lines": [5, 6, 7, 9, 10, 11, 13, 16, 19, 48, 87], "excluded_lines": []}}}, "app/bot/states.py": {"executed_lines": [4, 6, 9, 10, 12, 13, 14, 15, 16, 17, 20, 21, 23, 24, 25, 26, 27, 28, 31, 32, 34, 35, 36, 37, 38, 39, 40, 43, 44, 46, 47, 48, 49, 50, 53, 54, 56, 57, 58, 61, 62, 64, 65, 66, 69, 70, 72, 73, 74, 75, 76, 77, 78, 81, 82, 84, 85, 86, 87, 88, 89, 90, 93, 94, 96, 97, 98, 99, 102, 103, 105, 106, 107, 108], "summary": {"covered_lines": 63, "num_statements": 63, "percent_covered": 100.0, "percent_covered_display": "100", "missing_lines": 0, "excluded_lines": 0}, "missing_lines": [], "excluded_lines": [], "functions": {"": {"executed_lines": [4, 6, 9, 10, 12, 13, 14, 15, 16, 17, 20, 21, 23, 24, 25, 26, 27, 28, 31, 32, 34, 35, 36, 37, 38, 39, 40, 43, 44, 46, 47, 48, 49, 50, 53, 54, 56, 57, 58, 61, 62, 64, 65, 66, 69, 70, 72, 73, 74, 75, 76, 77, 78, 81, 82, 84, 85, 86, 87, 88, 89, 90, 93, 94, 96, 97, 98, 99, 102, 103, 105, 106, 107, 108], "summary": {"covered_lines": 63, "num_statements": 63, "percent_covered": 100.0, "percent_covered_display": "100", "missing_lines": 0, "excluded_lines": 0}, "missing_lines": [], "excluded_lines": []}}, "classes": {"ProfileSetup": {"executed_lines": [], "summary": {"covered_lines": 0, "num_statements": 0, "percent_covered": 100.0, "percent_covered_display": "100", "missing_lines": 0, "excluded_lines": 0}, "missing_lines": [], "excluded_lines": []}, "MainMenu": {"executed_lines": [], "summary": {"covered_lines": 0, "num_statements": 0, "percent_covered": 100.0, "percent_covered_display": "100", "missing_lines": 0, "excluded_lines": 0}, "missing_lines": [], "excluded_lines": []}, "SearchForm": {"executed_lines": [], "summary": {"covered_lines": 0, "num_statements": 0, "percent_covered": 100.0, "percent_covered_display": "100", "missing_lines": 0, "excluded_lines": 0}, "missing_lines": [], "excluded_lines": []}, "DiaryStates": {"executed_lines": [], "summary": {"covered_lines": 0, "num_statements": 0, "percent_covered": 100.0, "percent_covered_display": "100", "missing_lines": 0, "excluded_lines": 0}, "missing_lines": [], "excluded_lines": []}, "ApplicationStates": {"executed_lines": [], "summary": {"covered_lines": 0, "num_statements": 0, "percent_covered": 100.0, "percent_covered_display": "100", "missing_lines": 0, "excluded_lines": 0}, "missing_lines": [], "excluded_lines": []}, "AttestationStates": {"executed_lines": [], "summary": {"covered_lines": 0, "num_statements": 0, "percent_covered": 100.0, "percent_covered_display": "100", "missing_lines": 0, "excluded_lines": 0}, "missing_lines": [], "excluded_lines": []}, "GradeStates": {"executed_lines": [], "summary": {"covered_lines": 0, "num_statements": 0, "percent_covered": 100.0, "percent_covered_display": "100", "missing_lines": 0, "excluded_lines": 0}, "missing_lines": [], "excluded_lines": []}, "GroupSearchStates": {"executed_lines": [], "summary": {"covered_lines": 0, "num_statements": 0, "percent_covered": 100.0, "percent_covered_display": "100", "missing_lines": 0, "excluded_lines": 0}, "missing_lines": [], "excluded_lines": []}, "GroupSetupStates": {"executed_lines": [], "summary": {"covered_lines": 0, "num_statements": 0, "percent_covered": 100.0, "percent_covered_display": "100", "missing_lines": 0, "excluded_lines": 0}, "missing_lines": [], "excluded_lines": []}, "InvitationStates": {"executed_lines": [], "summary": {"covered_lines": 0, "num_statements": 0, "percent_covered": 100.0, "percent_covered_display": "100", "missing_lines": 0, "excluded_lines": 0}, "missing_lines": [], "excluded_lines": []}, "": {"executed_lines": [4, 6, 9, 10, 12, 13, 14, 15, 16, 17, 20, 21, 23, 24, 25, 26, 27, 28, 31, 32, 34, 35, 36, 37, 38, 39, 40, 43, 44, 46, 47, 48, 49, 50, 53, 54, 56, 57, 58, 61, 62, 64, 65, 66, 69, 70, 72, 73, 74, 75, 76, 77, 78, 81, 82, 84, 85, 86, 87, 88, 89, 90, 93, 94, 96, 97, 98, 99, 102, 103, 105, 106, 107, 108], "summary": {"covered_lines": 63, "num_statements": 63, "percent_covered": 100.0, "percent_covered_display": "100", "missing_lines": 0, "excluded_lines": 0}, "missing_lines": [], "excluded_lines": []}}}, "app/bot/utils.py": {"executed_lines": [1, 3, 5, 6, 9, 52, 66, 76, 92], "summary": {"covered_lines": 8, "num_statements": 42, "percent_covered": 19.047619047619047, "percent_covered_display": "19", "missing_lines": 34, "excluded_lines": 0}, "missing_lines": [13, 28, 36, 38, 39, 40, 41, 42, 43, 46, 47, 48, 49, 54, 55, 57, 58, 60, 61, 63, 70, 71, 73, 78, 80, 81, 82, 84, 86, 87, 89, 94, 95, 97], "excluded_lines": [], "functions": {"show_loading_spinner": {"executed_lines": [], "summary": {"covered_lines": 0, "num_statements": 13, "percent_covered": 0.0, "percent_covered_display": "0", "missing_lines": 13, "excluded_lines": 0}, "missing_lines": [13, 28, 36, 38, 39, 40, 41, 42, 43, 46, 47, 48, 49], "excluded_lines": []}, "validate_group_number": {"executed_lines": [], "summary": {"covered_lines": 0, "num_statements": 7, "percent_covered": 0.0, "percent_covered_display": "0", "missing_lines": 7, "excluded_lines": 0}, "missing_lines": [54, 55, 57, 58, 60, 61, 63], "excluded_lines": []}, "truncate_text": {"executed_lines": [], "summary": {"covered_lines": 0, "num_statements": 3, "percent_covered": 0.0, "percent_covered_display": "0", "missing_lines": 3, "excluded_lines": 0}, "missing_lines": [70, 71, 73], "excluded_lines": []}, "format_error_message": {"executed_lines": [], "summary": {"covered_lines": 0, "num_statements": 8, "percent_covered": 0.0, "percent_covered_display": "0", "missing_lines": 8, "excluded_lines": 0}, "missing_lines": [78, 80, 81, 82, 84, 86, 87, 89], "excluded_lines": []}, "create_progress_text": {"executed_lines": [], "summary": {"covered_lines": 0, "num_statements": 3, "percent_covered": 0.0, "percent_covered_display": "0", "missing_lines": 3, "excluded_lines": 0}, "missing_lines": [94, 95, 97], "excluded_lines": []}, "": {"executed_lines": [1, 3, 5, 6, 9, 52, 66, 76, 92], "summary": {"covered_lines": 8, "num_statements": 8, "percent_covered": 100.0, "percent_covered_display": "100", "missing_lines": 0, "excluded_lines": 0}, "missing_lines": [], "excluded_lines": []}}, "classes": {"": {"executed_lines": [1, 3, 5, 6, 9, 52, 66, 76, 92], "summary": {"covered_lines": 8, "num_statements": 42, "percent_covered": 19.047619047619047, "percent_covered_display": "19", "missing_lines": 34, "excluded_lines": 0}, "missing_lines": [13, 28, 36, 38, 39, 40, 41, 42, 43, 46, 47, 48, 49, 54, 55, 57, 58, 60, 61, 63, 70, 71, 73, 78, 80, 81, 82, 84, 86, 87, 89, 94, 95, 97], "excluded_lines": []}}}, "app/database/__init__.py": {"executed_lines": [0], "summary": {"covered_lines": 0, "num_statements": 0, "percent_covered": 100.0, "percent_covered_display": "100", "missing_lines": 0, "excluded_lines": 0}, "missing_lines": [], "excluded_lines": [], "functions": {"": {"executed_lines": [], "summary": {"covered_lines": 0, "num_statements": 0, "percent_covered": 100.0, "percent_covered_display": "100", "missing_lines": 0, "excluded_lines": 0}, "missing_lines": [], "excluded_lines": []}}, "classes": {"": {"executed_lines": [], "summary": {"covered_lines": 0, "num_statements": 0, "percent_covered": 100.0, "percent_covered_display": "100", "missing_lines": 0, "excluded_lines": 0}, "missing_lines": [], "excluded_lines": []}}}, "app/database/models.py": {"executed_lines": [1, 3, 4, 5, 7, 19, 22, 23, 26, 27, 28, 29, 30, 33, 34, 35, 36, 37, 40, 41, 42, 45, 46, 47, 48, 49, 52, 53, 55, 57, 58, 59, 60, 61, 62, 63, 64, 65, 66, 71, 72, 75, 82, 83, 85, 87, 88, 89, 90, 91, 94, 95, 98, 99, 101, 103, 104, 105, 106, 107, 108, 111, 112, 113, 116, 119, 122, 123, 128, 129, 131, 133, 134, 137, 138, 139, 140, 141, 142, 143, 144, 150, 151, 159, 160, 162, 164, 165, 166, 167, 170, 171, 174, 175, 177, 179, 180, 181, 182, 183, 184, 185, 188, 189, 192, 193, 195, 197, 198, 199, 200, 201, 204, 205, 206, 209, 210, 212, 214, 215, 218, 221, 224, 225, 227, 229, 230, 231, 232, 235, 236, 239, 240, 242, 244, 245, 246, 249, 250, 251, 252, 257, 260, 263, 266, 267, 269, 271, 272, 273, 274, 275, 276, 277, 280, 281, 284, 287, 288, 290, 292, 293, 294, 295, 298, 306, 307, 309, 311, 312, 313, 314, 315, 316, 317, 320, 321, 322, 324, 327, 328, 329, 330, 333, 334, 336, 337, 349, 350, 353, 356, 359, 362, 365, 366, 367, 370, 371, 372, 373, 376, 379, 384, 385, 389, 392, 393, 394, 395, 396, 397, 398, 401, 403, 404, 407, 408, 417, 418, 420, 422, 423, 424, 427, 428, 429, 430, 433, 434, 436, 438, 439, 440, 441, 442, 443, 444, 445, 446, 447, 449, 450, 453, 454, 456, 458, 459, 460, 461, 462, 465, 466, 467, 468, 472, 473, 476, 477, 479, 481, 482, 483, 484, 485, 490, 491, 493, 495, 496, 499, 500, 501, 502, 503, 504, 505, 512, 513], "summary": {"covered_lines": 257, "num_statements": 259, "percent_covered": 99.22779922779922, "percent_covered_display": "99", "missing_lines": 2, "excluded_lines": 0}, "missing_lines": [405, 409], "excluded_lines": [], "functions": {"ScheduleLesson.room": {"executed_lines": [], "summary": {"covered_lines": 0, "num_statements": 1, "percent_covered": 0.0, "percent_covered_display": "0", "missing_lines": 1, "excluded_lines": 0}, "missing_lines": [409], "excluded_lines": []}, "": {"executed_lines": [1, 3, 4, 5, 7, 19, 22, 23, 26, 27, 28, 29, 30, 33, 34, 35, 36, 37, 40, 41, 42, 45, 46, 47, 48, 49, 52, 53, 55, 57, 58, 59, 60, 61, 62, 63, 64, 65, 66, 71, 72, 75, 82, 83, 85, 87, 88, 89, 90, 91, 94, 95, 98, 99, 101, 103, 104, 105, 106, 107, 108, 111, 112, 113, 116, 119, 122, 123, 128, 129, 131, 133, 134, 137, 138, 139, 140, 141, 142, 143, 144, 150, 151, 159, 160, 162, 164, 165, 166, 167, 170, 171, 174, 175, 177, 179, 180, 181, 182, 183, 184, 185, 188, 189, 192, 193, 195, 197, 198, 199, 200, 201, 204, 205, 206, 209, 210, 212, 214, 215, 218, 221, 224, 225, 227, 229, 230, 231, 232, 235, 236, 239, 240, 242, 244, 245, 246, 249, 250, 251, 252, 257, 260, 263, 266, 267, 269, 271, 272, 273, 274, 275, 276, 277, 280, 281, 284, 287, 288, 290, 292, 293, 294, 295, 298, 306, 307, 309, 311, 312, 313, 314, 315, 316, 317, 320, 321, 322, 324, 327, 328, 329, 330, 333, 334, 336, 337, 349, 350, 353, 356, 359, 362, 365, 366, 367, 370, 371, 372, 373, 376, 379, 384, 385, 389, 392, 393, 394, 395, 396, 397, 398, 401, 403, 404, 407, 408, 417, 418, 420, 422, 423, 424, 427, 428, 429, 430, 433, 434, 436, 438, 439, 440, 441, 442, 443, 444, 445, 446, 447, 449, 450, 453, 454, 456, 458, 459, 460, 461, 462, 465, 466, 467, 468, 472, 473, 476, 477, 479, 481, 482, 483, 484, 485, 490, 491, 493, 495, 496, 499, 500, 501, 502, 503, 504, 505, 512, 513], "summary": {"covered_lines": 257, "num_statements": 257, "percent_covered": 100.0, "percent_covered_display": "100", "missing_lines": 0, "excluded_lines": 0}, "missing_lines": [], "excluded_lines": []}}, "classes": {"Base": {"executed_lines": [], "summary": {"covered_lines": 0, "num_statements": 0, "percent_covered": 100.0, "percent_covered_display": "100", "missing_lines": 0, "excluded_lines": 0}, "missing_lines": [], "excluded_lines": []}, "ScheduleImportStatus": {"executed_lines": [], "summary": {"covered_lines": 0, "num_statements": 0, "percent_covered": 100.0, "percent_covered_display": "100", "missing_lines": 0, "excluded_lines": 0}, "missing_lines": [], "excluded_lines": []}, "ExportStatus": {"executed_lines": [], "summary": {"covered_lines": 0, "num_statements": 0, "percent_covered": 100.0, "percent_covered_display": "100", "missing_lines": 0, "excluded_lines": 0}, "missing_lines": [], "excluded_lines": []}, "ExportFormat": {"executed_lines": [], "summary": {"covered_lines": 0, "num_statements": 0, "percent_covered": 100.0, "percent_covered_display": "100", "missing_lines": 0, "excluded_lines": 0}, "missing_lines": [], "excluded_lines": []}, "NotificationStatus": {"executed_lines": [], "summary": {"covered_lines": 0, "num_statements": 0, "percent_covered": 100.0, "percent_covered_display": "100", "missing_lines": 0, "excluded_lines": 0}, "missing_lines": [], "excluded_lines": []}, "User": {"executed_lines": [], "summary": {"covered_lines": 0, "num_statements": 0, "percent_covered": 100.0, "percent_covered_display": "100", "missing_lines": 0, "excluded_lines": 0}, "missing_lines": [], "excluded_lines": []}, "Faculty": {"executed_lines": [], "summary": {"covered_lines": 0, "num_statements": 0, "percent_covered": 100.0, "percent_covered_display": "100", "missing_lines": 0, "excluded_lines": 0}, "missing_lines": [], "excluded_lines": []}, "Group": {"executed_lines": [], "summary": {"covered_lines": 0, "num_statements": 0, "percent_covered": 100.0, "percent_covered_display": "100", "missing_lines": 0, "excluded_lines": 0}, "missing_lines": [], "excluded_lines": []}, "UserProfile": {"executed_lines": [], "summary": {"covered_lines": 0, "num_statements": 0, "percent_covered": 100.0, "percent_covered_display": "100", "missing_lines": 0, "excluded_lines": 0}, "missing_lines": [], "excluded_lines": []}, "AcademicYear": {"executed_lines": [], "summary": {"covered_lines": 0, "num_statements": 0, "percent_covered": 100.0, "percent_covered_display": "100", "missing_lines": 0, "excluded_lines": 0}, "missing_lines": [], "excluded_lines": []}, "Semester": {"executed_lines": [], "summary": {"covered_lines": 0, "num_statements": 0, "percent_covered": 100.0, "percent_covered_display": "100", "missing_lines": 0, "excluded_lines": 0}, "missing_lines": [], "excluded_lines": []}, "Speciality": {"executed_lines": [], "summary": {"covered_lines": 0, "num_statements": 0, "percent_covered": 100.0, "percent_covered_display": "100", "missing_lines": 0, "excluded_lines": 0}, "missing_lines": [], "excluded_lines": []}, "LessonType": {"executed_lines": [], "summary": {"covered_lines": 0, "num_statements": 0, "percent_covered": 100.0, "percent_covered_display": "100", "missing_lines": 0, "excluded_lines": 0}, "missing_lines": [], "excluded_lines": []}, "Department": {"executed_lines": [], "summary": {"covered_lines": 0, "num_statements": 0, "percent_covered": 100.0, "percent_covered_display": "100", "missing_lines": 0, "excluded_lines": 0}, "missing_lines": [], "excluded_lines": []}, "Lecturer": {"executed_lines": [], "summary": {"covered_lines": 0, "num_statements": 0, "percent_covered": 100.0, "percent_covered_display": "100", "missing_lines": 0, "excluded_lines": 0}, "missing_lines": [], "excluded_lines": []}, "Room": {"executed_lines": [], "summary": {"covered_lines": 0, "num_statements": 0, "percent_covered": 100.0, "percent_covered_display": "100", "missing_lines": 0, "excluded_lines": 0}, "missing_lines": [], "excluded_lines": []}, "Subject": {"executed_lines": [], "summary": {"covered_lines": 0, "num_statements": 0, "percent_covered": 100.0, "percent_covered_display": "100", "missing_lines": 0, "excluded_lines": 0}, "missing_lines": [], "excluded_lines": []}, "Schedule": {"executed_lines": [], "summary": {"covered_lines": 0, "num_statements": 0, "percent_covered": 100.0, "percent_covered_display": "100", "missing_lines": 0, "excluded_lines": 0}, "missing_lines": [], "excluded_lines": []}, "ScheduleLesson": {"executed_lines": [], "summary": {"covered_lines": 0, "num_statements": 2, "percent_covered": 0.0, "percent_covered_display": "0", "missing_lines": 2, "excluded_lines": 0}, "missing_lines": [405, 409], "excluded_lines": []}, "ScheduleImportJob": {"executed_lines": [], "summary": {"covered_lines": 0, "num_statements": 0, "percent_covered": 100.0, "percent_covered_display": "100", "missing_lines": 0, "excluded_lines": 0}, "missing_lines": [], "excluded_lines": []}, "ExportRequest": {"executed_lines": [], "summary": {"covered_lines": 0, "num_statements": 0, "percent_covered": 100.0, "percent_covered_display": "100", "missing_lines": 0, "excluded_lines": 0}, "missing_lines": [], "excluded_lines": []}, "NotificationJob": {"executed_lines": [], "summary": {"covered_lines": 0, "n
[...]
64, 67, 68, 70, 71, 74, 75, 76, 78, 82, 83, 86, 87, 89, 90, 92, 94, 109, 110, 111, 114, 115, 116, 119, 122, 123, 124, 125, 128, 129, 131, 132, 138, 140, 144, 145, 146, 148, 150, 151, 153, 154, 158, 159, 160, 161, 163], "summary": {"covered_lines": 60, "num_statements": 63, "percent_covered": 95.23809523809524, "percent_covered_display": "95", "missing_lines": 3, "excluded_lines": 0}, "missing_lines": [47, 65, 84], "excluded_lines": []}, "": {"executed_lines": [1, 3, 4, 6, 9, 10, 11, 13, 14, 15, 18, 19, 22, 31, 37, 59, 80, 96, 142, 156, 167, 170, 178, 179, 181, 182, 183, 184, 185, 186, 187, 188, 190, 197, 201, 203, 204, 205, 206, 216, 218, 220, 223, 236], "summary": {"covered_lines": 41, "num_statements": 48, "percent_covered": 85.41666666666667, "percent_covered_display": "85", "missing_lines": 7, "excluded_lines": 0}, "missing_lines": [191, 194, 207, 208, 209, 211, 214], "excluded_lines": []}}}, "app/utils/secrets.py": {"executed_lines": [1, 10, 11, 12, 14, 17, 18, 21, 27, 29, 31, 46, 47, 49, 51, 54, 55, 57, 59, 66, 77, 87, 88, 89, 90, 92, 102, 105, 112, 114, 115, 116, 117, 121, 122, 123, 126, 129, 132, 136, 138, 139, 140, 141, 143, 153, 164, 170, 177, 183, 190, 191, 193, 200, 203, 213], "summary": {"covered_lines": 54, "num_statements": 78, "percent_covered": 69.23076923076923, "percent_covered_display": "69", "missing_lines": 24, "excluded_lines": 0}, "missing_lines": [52, 61, 62, 63, 64, 68, 69, 70, 71, 72, 73, 74, 75, 94, 145, 146, 147, 148, 149, 150, 194, 198, 210, 220], "excluded_lines": [], "functions": {"SecretsManager.__init__": {"executed_lines": [29], "summary": {"covered_lines": 1, "num_statements": 1, "percent_covered": 100.0, "percent_covered_display": "100", "missing_lines": 0, "excluded_lines": 0}, "missing_lines": [], "excluded_lines": []}, "SecretsManager.get": {"executed_lines": [46, 47, 49, 51, 54, 55, 57], "summary": {"covered_lines": 7, "num_statements": 8, "percent_covered": 87.5, "percent_covered_display": "88", "missing_lines": 1, "excluded_lines": 0}, "missing_lines": [52], "excluded_lines": []}, "SecretsManager.get_bool": {"executed_lines": [], "summary": {"covered_lines": 0, "num_statements": 4, "percent_covered": 0.0, "percent_covered_display": "0", "missing_lines": 4, "excluded_lines": 0}, "missing_lines": [61, 62, 63, 64], "excluded_lines": []}, "SecretsManager.get_int": {"executed_lines": [], "summary": {"covered_lines": 0, "num_statements": 8, "percent_covered": 0.0, "percent_covered_display": "0", "missing_lines": 8, "excluded_lines": 0}, "missing_lines": [68, 69, 70, 71, 72, 73, 74, 75], "excluded_lines": []}, "SecretsManager.redact": {"executed_lines": [87, 88, 89, 90], "summary": {"covered_lines": 4, "num_statements": 4, "percent_covered": 100.0, "percent_covered_display": "100", "missing_lines": 0, "excluded_lines": 0}, "missing_lines": [], "excluded_lines": []}, "SecretsManager.get_all_required": {"executed_lines": [], "summary": {"covered_lines": 0, "num_statements": 1, "percent_covered": 0.0, "percent_covered_display": "0", "missing_lines": 1, "excluded_lines": 0}, "missing_lines": [94], "excluded_lines": []}, "validate_environment": {"executed_lines": [112, 114, 115, 116, 117, 121, 122, 123, 126, 129, 132, 136, 138, 139, 140, 141, 143], "summary": {"covered_lines": 17, "num_statements": 23, "percent_covered": 73.91304347826087, "percent_covered_display": "74", "missing_lines": 6, "excluded_lines": 0}, "missing_lines": [145, 146, 147, 148, 149, 150], "excluded_lines": []}, "get_api_base_url": {"executed_lines": [164], "summary": {"covered_lines": 1, "num_statements": 1, "percent_covered": 100.0, "percent_covered_display": "100", "missing_lines": 0, "excluded_lines": 0}, "missing_lines": [], "excluded_lines": []}, "get_database_url": {"executed_lines": [177], "summary": {"covered_lines": 1, "num_statements": 1, "percent_covered": 100.0, "percent_covered_display": "100", "missing_lines": 0, "excluded_lines": 0}, "missing_lines": [], "excluded_lines": []}, "get_log_level": {"executed_lines": [190, 191, 193, 200], "summary": {"covered_lines": 4, "num_statements": 6, "percent_covered": 66.66666666666667, "percent_covered_display": "67", "missing_lines": 2, "excluded_lines": 0}, "missing_lines": [194, 198], "excluded_lines": []}, "get_required_env_vars": {"executed_lines": [], "summary": {"covered_lines": 0, "num_statements": 1, "percent_covered": 0.0, "percent_covered_display": "0", "missing_lines": 1, "excluded_lines": 0}, "missing_lines": [210], "excluded_lines": []}, "get_optional_env_vars": {"executed_lines": [], "summary": {"covered_lines": 0, "num_statements": 1, "percent_covered": 0.0, "percent_covered_display": "0", "missing_lines": 1, "excluded_lines": 0}, "missing_lines": [220], "excluded_lines": []}, "": {"executed_lines": [1, 10, 11, 12, 14, 17, 18, 21, 27, 31, 59, 66, 77, 92, 102, 105, 153, 170, 183, 203, 213], "summary": {"covered_lines": 19, "num_statements": 19, "percent_covered": 100.0, "percent_covered_display": "100", "missing_lines": 0, "excluded_lines": 0}, "missing_lines": [], "excluded_lines": []}}, "classes": {"SecretsManager": {"executed_lines": [29, 46, 47, 49, 51, 54, 55, 57, 87, 88, 89, 90], "summary": {"covered_lines": 12, "num_statements": 26, "percent_covered": 46.15384615384615, "percent_covered_display": "46", "missing_lines": 14, "excluded_lines": 0}, "missing_lines": [52, 61, 62, 63, 64, 68, 69, 70, 71, 72, 73, 74, 75, 94], "excluded_lines": []}, "": {"executed_lines": [1, 10, 11, 12, 14, 17, 18, 21, 27, 31, 59, 66, 77, 92, 102, 105, 112, 114, 115, 116, 117, 121, 122, 123, 126, 129, 132, 136, 138, 139, 140, 141, 143, 153, 164, 170, 177, 183, 190, 191, 193, 200, 203, 213], "summary": {"covered_lines": 42, "num_statements": 52, "percent_covered": 80.76923076923077, "percent_covered_display": "81", "missing_lines": 10, "excluded_lines": 0}, "missing_lines": [145, 146, 147, 148, 149, 150, 194, 198, 210, 220], "excluded_lines": []}}}, "app/utils/validation.py": {"executed_lines": [1, 3, 5, 8, 9, 13, 14, 17, 18, 19, 20, 23, 24, 25, 27, 28, 30, 31, 32, 34, 35, 37, 38, 39, 41, 42, 44, 45, 46, 48, 49, 51, 52, 53, 55, 56, 58, 60, 61, 63, 64, 65, 67, 68, 70, 71, 74, 77, 78, 80, 82, 83, 85, 86, 89, 98, 99, 100, 101, 102, 104, 106, 107, 109, 110, 113, 124, 125, 126, 127, 129, 132, 147, 148, 149, 151, 152, 155, 156, 157, 158, 161, 164, 165, 166, 167, 169, 170, 171, 172, 174, 175, 176, 177, 179, 180, 181, 182, 184, 185, 192, 195, 197, 198, 199, 201, 202, 203, 205], "summary": {"covered_lines": 106, "num_statements": 108, "percent_covered": 98.14814814814815, "percent_covered_display": "98", "missing_lines": 2, "excluded_lines": 0}, "missing_lines": [186, 187], "excluded_lines": [], "functions": {"InputValidator.validate_telegram_username": {"executed_lines": [30, 31, 32], "summary": {"covered_lines": 3, "num_statements": 3, "percent_covered": 100.0, "percent_covered_display": "100", "missing_lines": 0, "excluded_lines": 0}, "missing_lines": [], "excluded_lines": []}, "InputValidator.validate_group_number": {"executed_lines": [37, 38, 39], "summary": {"covered_lines": 3, "num_statements": 3, "percent_covered": 100.0, "percent_covered_display": "100", "missing_lines": 0, "excluded_lines": 0}, "missing_lines": [], "excluded_lines": []}, "InputValidator.validate_student_id": {"executed_lines": [44, 45, 46], "summary": {"covered_lines": 3, "num_statements": 3, "percent_covered": 100.0, "percent_covered_display": "100", "missing_lines": 0, "excluded_lines": 0}, "missing_lines": [], "excluded_lines": []}, "InputValidator.validate_phone": {"executed_lines": [51, 52, 53], "summary": {"covered_lines": 3, "num_statements": 3, "percent_covered": 100.0, "percent_covered_display": "100", "missing_lines": 0, "excluded_lines": 0}, "missing_lines": [], "excluded_lines": []}, "InputValidator.validate_message_length": {"executed_lines": [58], "summary": {"covered_lines": 1, "num_statements": 1, "percent_covered": 100.0, "percent_covered_display": "100", "missing_lines": 0, "excluded_lines": 0}, "missing_lines": [], "excluded_lines": []}, "InputValidator.validate_name": {"executed_lines": [63, 64, 65], "summary": {"covered_lines": 3, "num_statements": 3, "percent_covered": 100.0, "percent_covered_display": "100", "missing_lines": 0, "excluded_lines": 0}, "missing_lines": [], "excluded_lines": []}, "InputValidator.sanitize_input": {"executed_lines": [70, 71, 74, 77, 78, 80], "summary": {"covered_lines": 6, "num_statements": 6, "percent_covered": 100.0, "percent_covered_display": "100", "missing_lines": 0, "excluded_lines": 0}, "missing_lines": [], "excluded_lines": []}, "InputValidator.validate_search_query": {"executed_lines": [85, 86, 89, 98, 99, 100, 101, 102, 104], "summary": {"covered_lines": 9, "num_statements": 9, "percent_covered": 100.0, "percent_covered_display": "100", "missing_lines": 0, "excluded_lines": 0}, "missing_lines": [], "excluded_lines": []}, "InputValidator.validate_filters": {"executed_lines": [109, 110, 113, 124, 125, 126, 127, 129], "summary": {"covered_lines": 8, "num_statements": 8, "percent_covered": 100.0, "percent_covered_display": "100", "missing_lines": 0, "excluded_lines": 0}, "missing_lines": [], "excluded_lines": []}, "validate_user_input": {"executed_lines": [147, 148, 149, 151, 152, 155, 156, 157, 158, 161, 164, 165, 166, 167, 169, 170, 171, 172, 174, 175, 176, 177, 179, 180, 181, 182, 184, 185, 192], "summary": {"covered_lines": 29, "num_statements": 31, "percent_covered": 93.54838709677419, "percent_covered_display": "94", "missing_lines": 2, "excluded_lines": 0}, "missing_lines": [186, 187], "excluded_lines": []}, "validate_message": {"executed_lines": [197, 198, 199, 201, 202, 203, 205], "summary": {"covered_lines": 7, "num_statements": 7, "percent_covered": 100.0, "percent_covered_display": "100", "missing_lines": 0, "excluded_lines": 0}, "missing_lines": [], "excluded_lines": []}, "": {"executed_lines": [1, 3, 5, 8, 9, 13, 14, 17, 18, 19, 20, 23, 24, 25, 27, 28, 34, 35, 41, 42, 48, 49, 55, 56, 60, 61, 67, 68, 82, 83, 106, 107, 132, 195], "summary": {"covered_lines": 31, "num_statements": 31, "percent_covered": 100.0, "percent_covered_display": "100", "missing_lines": 0, "excluded_lines": 0}, "missing_lines": [], "excluded_lines": []}}, "classes": {"ValidationError": {"executed_lines": [], "summary": {"covered_lines": 0, "num_statements": 0, "percent_covered": 100.0, "percent_covered_display": "100", "missing_lines": 0, "excluded_lines": 0}, "missing_lines": [], "excluded_lines": []}, "InputValidator": {"executed_lines": [30, 31, 32, 37, 38, 39, 44, 45, 46, 51, 52, 53, 58, 63, 64, 65, 70, 71, 74, 77, 78, 80, 85, 86, 89, 98, 99, 100, 101, 102, 104, 109, 110, 113, 124, 125, 126, 127, 129], "summary": {"covered_lines": 39, "num_statements": 39, "percent_covered": 100.0, "percent_covered_display": "100", "missing_lines": 0, "excluded_lines": 0}, "missing_lines": [], "excluded_lines": []}, "": {"executed_lines": [1, 3, 5, 8, 9, 13, 14, 17, 18, 19, 20, 23, 24, 25, 27, 28, 34, 35, 41, 42, 48, 49, 55, 56, 60, 61, 67, 68, 82, 83, 106, 107, 132, 147, 148, 149, 151, 152, 155, 156, 157, 158, 161, 164, 165, 166, 167, 169, 170, 171, 172, 174, 175, 176, 177, 179, 180, 181, 182, 184, 185, 192, 195, 197, 198, 199, 201, 202, 203, 205], "summary": {"covered_lines": 67, "num_statements": 69, "percent_covered": 97.10144927536231, "percent_covered_display": "97", "missing_lines": 2, "excluded_lines": 0}, "missing_lines": [186, 187], "excluded_lines": []}}}, "app/utils/validators.py": {"executed_lines": [3, 5, 6, 7, 8, 9, 11, 14, 15, 19, 20, 22, 23, 24, 27, 28, 29, 31, 32, 33, 34, 37, 38, 40, 41, 42, 43, 45, 47, 48, 50, 51, 52, 67, 72, 73, 75, 83, 84, 85, 86, 87, 89, 90, 97, 101, 105, 114, 120, 123, 124, 126, 136, 166, 167, 169, 176, 177, 178, 179, 181, 182, 187, 188, 193, 194, 195, 196, 197, 198, 203, 207, 210, 211, 213, 214, 227, 228, 230, 245, 262, 264, 265, 268], "summary": {"covered_lines": 74, "num_statements": 135, "percent_covered": 54.81481481481482, "percent_covered_display": "55", "missing_lines": 61, "excluded_lines": 0}, "missing_lines": [58, 59, 60, 69, 91, 92, 93, 94, 95, 98, 99, 102, 103, 106, 107, 108, 111, 112, 115, 116, 132, 133, 134, 137, 138, 139, 140, 141, 142, 143, 144, 145, 146, 147, 148, 149, 150, 151, 155, 156, 157, 159, 160, 161, 163, 183, 184, 189, 190, 199, 200, 205, 231, 253, 254, 255, 256, 258, 259, 270, 271], "excluded_lines": [], "functions": {"BaseValidator.__init__": {"executed_lines": [41, 42, 43], "summary": {"covered_lines": 3, "num_statements": 3, "percent_covered": 100.0, "percent_covered_display": "100", "missing_lines": 0, "excluded_lines": 0}, "missing_lines": [], "excluded_lines": []}, "BaseValidator.validate": {"executed_lines": [47, 48, 50, 51, 52], "summary": {"covered_lines": 5, "num_statements": 8, "percent_covered": 62.5, "percent_covered_display": "62", "missing_lines": 3, "excluded_lines": 0}, "missing_lines": [58, 59, 60], "excluded_lines": []}, "BaseValidator._validate_impl": {"executed_lines": [], "summary": {"covered_lines": 0, "num_statements": 1, "percent_covered": 0.0, "percent_covered_display": "0", "missing_lines": 1, "excluded_lines": 0}, "missing_lines": [69], "excluded_lines": []}, "StringValidator.__init__": {"executed_lines": [83, 84, 85, 86, 87], "summary": {"covered_lines": 5, "num_statements": 5, "percent_covered": 100.0, "percent_covered_display": "100", "missing_lines": 0, "excluded_lines": 0}, "missing_lines": [], "excluded_lines": []}, "StringValidator._validate_impl": {"executed_lines": [90, 97, 101, 105, 114, 120], "summary": {"covered_lines": 6, "num_statements": 22, "percent_covered": 27.272727272727273, "percent_covered_display": "27", "missing_lines": 16, "excluded_lines": 0}, "missing_lines": [91, 92, 93, 94, 95, 98, 99, 102, 103, 106, 107, 108, 111, 112, 115, 116], "excluded_lines": []}, "IntegerValidator.__init__": {"executed_lines": [], "summary": {"covered_lines": 0, "num_statements": 3, "percent_covered": 0.0, "percent_covered_display": "0", "missing_lines": 3, "excluded_lines": 0}, "missing_lines": [132, 133, 134], "excluded_lines": []}, "IntegerValidator._validate_impl": {"executed_lines": [], "summary": {"covered_lines": 0, "num_statements": 22, "percent_covered": 0.0, "percent_covered_display": "0", "missing_lines": 22, "excluded_lines": 0}, "missing_lines": [137, 138, 139, 140, 141, 142, 143, 144, 145, 146, 147, 148, 149, 150, 151, 155, 156, 157, 159, 160, 161, 163], "excluded_lines": []}, "DictValidator.__init__": {"executed_lines": [176, 177, 178, 179], "summary": {"covered_lines": 4, "num_statements": 4, "percent_covered": 100.0, "percent_covered_display": "100", "missing_lines": 0, "excluded_lines": 0}, "missing_lines": [], "excluded_lines": []}, "DictValidator._validate_impl": {"executed_lines": [182, 187, 188, 193, 194, 195, 196, 197, 198, 203, 207], "summary": {"covered_lines": 11, "num_statements": 18, "percent_covered": 61.111111111111114, "percent_covered_display": "61", "missing_lines": 7, "excluded_lines": 0}, "missing_lines": [183, 184, 189, 190, 199, 200, 205], "excluded_lines": []}, "GroupDataValidator.__init__": {"executed_lines": [214], "summary": {"covered_lines": 1, "num_statements": 1, "percent_covered": 100.0, "percent_covered_display": "100", "missing_lines": 0, "excluded_lines": 0}, "missing_lines": [], "excluded_lines": []}, "UserDataValidator.__init__": {"executed_lines": [], "summary": {"covered_lines": 0, "num_statements": 1, "percent_covered": 0.0, "percent_covered_display": "0", "missing_lines": 1, "excluded_lines": 0}, "missing_lines": [231], "excluded_lines": []}, "safe_execute": {"executed_lines": [], "summary": {"covered_lines": 0, "num_statements": 6, "percent_covered": 0.0, "percent_covered_display": "0", "missing_lines": 6, "excluded_lines": 0}, "missing_lines": [253, 254, 255, 256, 258, 259], "excluded_lines": []}, "validate_group_data": {"executed_lines": [264, 265], "summary": {"covered_lines": 2, "num_statements": 2, "percent_covered": 100.0, "percent_covered_display": "100", "missing_lines": 0, "excluded_lines": 0}, "missing_lines": [], "excluded_lines": []}, "validate_user_data": {"executed_lines": [], "summary": {"covered_lines": 0, "num_statements": 2, "percent_covered": 0.0, "percent_covered_display": "0", "missing_lines": 2, "excluded_lines": 0}, "missing_lines": [270, 271], "excluded_lines": []}, "": {"executed_lines": [3, 5, 6, 7, 8, 9, 11, 14, 15, 19, 20, 22, 23, 24, 27, 28, 29, 31, 32, 33, 34, 37, 38, 40, 45, 67, 72, 73, 75, 89, 123, 124, 126, 136, 166, 167, 169, 181, 210, 211, 213, 227, 228, 230, 245, 262, 268], "summary": {"covered_lines": 37, "num_statements": 37, "percent_covered": 100.0, "percent_covered_display": "100", "missing_lines": 0, "excluded_lines": 0}, "missing_lines": [], "excluded_lines": []}}, "classes": {"ValidationError": {"executed_lines": [], "summary": {"covered_lines": 0, "num_statements": 0, "percent_covered": 100.0, "percent_covered_display": "100", "missing_lines": 0, "excluded_lines": 0}, "missing_lines": [], "excluded_lines": []}, "ValidationLevel": {"executed_lines": [], "summary": {"covered_lines": 0, "num_statements": 0, "percent_covered": 100.0, "percent_covered_display": "100", "missing_lines": 0, "excluded_lines": 0}, "missing_lines": [], "excluded_lines": []}, "ValidationResult": {"executed_lines": [], "summary": {"covered_lines": 0, "num_statements": 0, "percent_covered": 100.0, "percent_covered_display": "100", "missing_lines": 0, "excluded_lines": 0}, "missing_lines": [], "excluded_lines": []}, "BaseValidator": {"executed_lines": [41, 42, 43, 47, 48, 50, 51, 52], "summary": {"covered_lines": 8, "num_statements": 12, "percent_covered": 66.66666666666667, "percent_covered_display": "67", "missing_lines": 4, "excluded_lines": 0}, "missing_lines": [58, 59, 60, 69], "excluded_lines": []}, "StringValidator": {"executed_lines": [83, 84, 85, 86, 87, 90, 97, 101, 105, 114, 120], "summary": {"covered_lines": 11, "num_statements": 27, "percent_covered": 40.74074074074074, "percent_covered_display": "41", "missing_lines": 16, "excluded_lines": 0}, "missing_lines": [91, 92, 93, 94, 95, 98, 99, 102, 103, 106, 107, 108, 111, 112, 115, 116], "excluded_lines": []}, "IntegerValidator": {"executed_lines": [], "summary": {"covered_lines": 0, "num_statements": 25, "percent_covered": 0.0, "percent_covered_display": "0", "missing_lines": 25, "excluded_lines": 0}, "missing_lines": [132, 133, 134, 137, 138, 139, 140, 141, 142, 143, 144, 145, 146, 147, 148, 149, 150, 151, 155, 156, 157, 159, 160, 161, 163], "excluded_lines": []}, "DictValidator": {"executed_lines": [176, 177, 178, 179, 182, 187, 188, 193, 194, 195, 196, 197, 198, 203, 207], "summary": {"covered_lines": 15, "num_statements": 22, "percent_covered": 68.18181818181819, "percent_covered_display": "68", "missing_lines": 7, "excluded_lines": 0}, "missing_lines": [183, 184, 189, 190, 199, 200, 205], "excluded_lines": []}, "GroupDataValidator": {"executed_lines": [214], "summary": {"covered_lines": 1, "num_statements": 1, "percent_covered": 100.0, "percent_covered_display": "100", "missing_lines": 0, "excluded_lines": 0}, "missing_lines": [], "excluded_lines": []}, "UserDataValidator": {"executed_lines": [], "summary": {"covered_lines": 0, "num_statements": 1, "percent_covered": 0.0, "percent_covered_display": "0", "missing_lines": 1, "excluded_lines": 0}, "missing_lines": [231], "excluded_lines": []}, "": {"executed_lines": [3, 5, 6, 7, 8, 9, 11, 14, 15, 19, 20, 22, 23, 24, 27, 28, 29, 31, 32, 33, 34, 37, 38, 40, 45, 67, 72, 73, 75, 89, 123, 124, 126, 136, 166, 167, 169, 181, 210, 211, 213, 227, 228, 230, 245, 262, 264, 265, 268], "summary": {"covered_lines": 39, "num_statements": 47, "percent_covered": 82.97872340425532, "percent_covered_display": "83", "missing_lines": 8, "excluded_lines": 0}, "missing_lines": [253, 254, 255, 256, 258, 259, 270, 271], "excluded_lines": []}}}}, "totals": {"covered_lines": 3314, "num_statements": 5716, "percent_covered": 57.97760671798461, "percent_covered_display": "58", "missing_lines": 2402, "excluded_lines": 0}}